#
# A fatal error has been detected by the Java Runtime Environment:
#
#  SIGBUS (0x7) at pc=0x00007f3d3859f0c0, pid=11693, tid=11700
#
# JRE version: OpenJDK Runtime Environment (17.0.3+7) (build 17.0.3+7-Ubuntu-0ubuntu0.20.04.1)
# Java VM: OpenJDK 64-Bit Server VM (17.0.3+7-Ubuntu-0ubuntu0.20.04.1, mixed mode, sharing, tiered, compressed oops, compressed class ptrs, g1 gc, linux-amd64)
# Problematic frame:
# C  [libjsvml.so+0x450c0]
#
# Core dump will be written. Default location: Core dumps may be processed with "/lib/systemd/systemd-coredump %P %u %g %s %t 9223372036854775808 %h" (or dumping to /home/erwan/Nextcloud/Cours/L3/2ème Semestre/Stage/RandSampFeatureModel/core.11693)
#
# If you would like to submit a bug report, please visit:
#   Unknown
#

---------------  S U M M A R Y ------------

Command Line: -XX:+ShowCodeDetailsInExceptionMessages -agentlib:jdwp=transport=dt_socket,suspend=y,address=localhost:36319 -Dfile.encoding=UTF-8 randsampFM.Main

Host: Intel(R) Core(TM) i7-1065G7 CPU @ 1.30GHz, 8 cores, 15G, Linux Mint 20.3 Una
Time: Tue May  3 09:58:33 2022 CEST elapsed time: 462.914528 seconds (0d 0h 7m 42s)

---------------  T H R E A D  ---------------

Current thread (0x00007f3d34170a70):  VMThread "VM Thread" [stack: 0x00007f3d3845a000,0x00007f3d3855a000] [id=11700]

Stack: [0x00007f3d3845a000,0x00007f3d3855a000],  sp=0x00007f3d38558778,  free space=1017k
Native frames: (J=compiled Java code, j=interpreted, Vv=VM code, C=native code)
C  [libjsvml.so+0x450c0]


siginfo: si_signo: 7 (SIGBUS), si_code: 2 (BUS_ADRERR), si_addr: 0x00007f3d3859f0c0

Register to memory mapping:

RAX=0x00007f3d3859f0c0: <offset 0x00000000000450c0> in /run/user/1000/doc/dd5d939a/java-17-openjdk-amd64/lib/libjsvml.so at 0x00007f3d3855a000
RBX=0x00007f3d3d0ae060: _rtld_global+0x0000000000000000 in /lib64/ld-linux-x86-64.so.2 at 0x00007f3d3d080000
RCX=0x00007f3d3d04c838: <offset 0x00000000001ee838> in /lib/x86_64-linux-gnu/libc.so.6 at 0x00007f3d3ce5e000
RDX=0x00007f3d38629e30: <offset 0x00000000000cfe30> in /run/user/1000/doc/dd5d939a/java-17-openjdk-amd64/lib/libjsvml.so at 0x00007f3d3855a000
RSP=0x00007f3d38558778 points into unknown readable memory: 0x00007f3d3d091f7d | 7d 1f 09 3d 3d 7f 00 00
RBP=0x00007f3d38558880 points into unknown readable memory: 0x000000000000008f | 8f 00 00 00 00 00 00 00
RSI=0x0000000000000001 is an unknown value
RDI=0x00007f3d3862a088: <offset 0x00000000000d0088> in /run/user/1000/doc/dd5d939a/java-17-openjdk-amd64/lib/libjsvml.so at 0x00007f3d3855a000
R8 =0x0 is NULL
R9 =0x00007f3d385586c8 points into unknown readable memory: 0xffffffff46505845 | 45 58 50 46 ff ff ff ff
R10=0x0000000000000014 is an unknown value
R11=0x0000000000000006 is an unknown value
R12=0x0 is NULL
R13=0x00007f3d385587c0 points into unknown readable memory: 0x00007f3d341700c0 | c0 00 17 34 3d 7f 00 00
R14=0x00007f3d38629e28: <offset 0x00000000000cfe28> in /run/user/1000/doc/dd5d939a/java-17-openjdk-amd64/lib/libjsvml.so at 0x00007f3d3855a000
R15=0x00007f3d341700c0 points into unknown readable memory: 0x00007f3d3855a000 | 00 a0 55 38 3d 7f 00 00


Registers:
RAX=0x00007f3d3859f0c0, RBX=0x00007f3d3d0ae060, RCX=0x00007f3d3d04c838, RDX=0x00007f3d38629e30
RSP=0x00007f3d38558778, RBP=0x00007f3d38558880, RSI=0x0000000000000001, RDI=0x00007f3d3862a088
R8 =0x0000000000000000, R9 =0x00007f3d385586c8, R10=0x0000000000000014, R11=0x0000000000000006
R12=0x0000000000000000, R13=0x00007f3d385587c0, R14=0x00007f3d38629e28, R15=0x00007f3d341700c0
RIP=0x00007f3d3859f0c0, EFLAGS=0x0000000000010206, CSGSFS=0x002b000000000033, ERR=0x0000000000000014
  TRAPNO=0x000000000000000e

Top of Stack: (sp=0x00007f3d38558778)
0x00007f3d38558778:   00007f3d3d091f7d 00007f3d3d0af190
0x00007f3d38558788:   00007f3d3d0af740 00007f3d3d07e220
0x00007f3d38558798:   00007f3d340020b0 00007f3d34003b80
0x00007f3d385587a8:   00007f3d34012ca0 00007f3d34023bf0 

Instructions: (pc=0x00007f3d3859f0c0)
0x00007f3d3859efc0:   ?? ?? ?? ?? ?? ?? ?? ?? ?? ?? ?? ?? ?? ?? ?? ??
0x00007f3d3859efd0:   ?? ?? ?? ?? ?? ?? ?? ?? ?? ?? ?? ?? ?? ?? ?? ??
0x00007f3d3859efe0:   ?? ?? ?? ?? ?? ?? ?? ?? ?? ?? ?? ?? ?? ?? ?? ??
0x00007f3d3859eff0:   ?? ?? ?? ?? ?? ?? ?? ?? ?? ?? ?? ?? ?? ?? ?? ??
0x00007f3d3859f000:   ?? ?? ?? ?? ?? ?? ?? ?? ?? ?? ?? ?? ?? ?? ?? ??
0x00007f3d3859f010:   ?? ?? ?? ?? ?? ?? ?? ?? ?? ?? ?? ?? ?? ?? ?? ??
0x00007f3d3859f020:   ?? ?? ?? ?? ?? ?? ?? ?? ?? ?? ?? ?? ?? ?? ?? ??
0x00007f3d3859f030:   ?? ?? ?? ?? ?? ?? ?? ?? ?? ?? ?? ?? ?? ?? ?? ??
0x00007f3d3859f040:   ?? ?? ?? ?? ?? ?? ?? ?? ?? ?? ?? ?? ?? ?? ?? ??
0x00007f3d3859f050:   ?? ?? ?? ?? ?? ?? ?? ?? ?? ?? ?? ?? ?? ?? ?? ??
0x00007f3d3859f060:   ?? ?? ?? ?? ?? ?? ?? ?? ?? ?? ?? ?? ?? ?? ?? ??
0x00007f3d3859f070:   ?? ?? ?? ?? ?? ?? ?? ?? ?? ?? ?? ?? ?? ?? ?? ??
0x00007f3d3859f080:   ?? ?? ?? ?? ?? ?? ?? ?? ?? ?? ?? ?? ?? ?? ?? ??
0x00007f3d3859f090:   ?? ?? ?? ?? ?? ?? ?? ?? ?? ?? ?? ?? ?? ?? ?? ??
0x00007f3d3859f0a0:   ?? ?? ?? ?? ?? ?? ?? ?? ?? ?? ?? ?? ?? ?? ?? ??
0x00007f3d3859f0b0:   ?? ?? ?? ?? ?? ?? ?? ?? ?? ?? ?? ?? ?? ?? ?? ??
0x00007f3d3859f0c0:   ?? ?? ?? ?? ?? ?? ?? ?? ?? ?? ?? ?? ?? ?? ?? ??
0x00007f3d3859f0d0:   ?? ?? ?? ?? ?? ?? ?? ?? ?? ?? ?? ?? ?? ?? ?? ??
0x00007f3d3859f0e0:   ?? ?? ?? ?? ?? ?? ?? ?? ?? ?? ?? ?? ?? ?? ?? ??
0x00007f3d3859f0f0:   ?? ?? ?? ?? ?? ?? ?? ?? ?? ?? ?? ?? ?? ?? ?? ??
0x00007f3d3859f100:   ?? ?? ?? ?? ?? ?? ?? ?? ?? ?? ?? ?? ?? ?? ?? ??
0x00007f3d3859f110:   ?? ?? ?? ?? ?? ?? ?? ?? ?? ?? ?? ?? ?? ?? ?? ??
0x00007f3d3859f120:   ?? ?? ?? ?? ?? ?? ?? ?? ?? ?? ?? ?? ?? ?? ?? ??
0x00007f3d3859f130:   ?? ?? ?? ?? ?? ?? ?? ?? ?? ?? ?? ?? ?? ?? ?? ??
0x00007f3d3859f140:   ?? ?? ?? ?? ?? ?? ?? ?? ?? ?? ?? ?? ?? ?? ?? ??
0x00007f3d3859f150:   ?? ?? ?? ?? ?? ?? ?? ?? ?? ?? ?? ?? ?? ?? ?? ??
0x00007f3d3859f160:   ?? ?? ?? ?? ?? ?? ?? ?? ?? ?? ?? ?? ?? ?? ?? ??
0x00007f3d3859f170:   ?? ?? ?? ?? ?? ?? ?? ?? ?? ?? ?? ?? ?? ?? ?? ??
0x00007f3d3859f180:   ?? ?? ?? ?? ?? ?? ?? ?? ?? ?? ?? ?? ?? ?? ?? ??
0x00007f3d3859f190:   ?? ?? ?? ?? ?? ?? ?? ?? ?? ?? ?? ?? ?? ?? ?? ??
0x00007f3d3859f1a0:   ?? ?? ?? ?? ?? ?? ?? ?? ?? ?? ?? ?? ?? ?? ?? ??
0x00007f3d3859f1b0:   ?? ?? ?? ?? ?? ?? ?? ?? ?? ?? ?? ?? ?? ?? ?? ?? 


Stack slot to memory mapping:
stack at sp + 0 slots: 0x00007f3d3d091f7d: <offset 0x0000000000011f7d> in /lib64/ld-linux-x86-64.so.2 at 0x00007f3d3d080000
stack at sp + 1 slots: 0x00007f3d3d0af190 points into unknown readable memory: 0x0000562a97387000 | 00 70 38 97 2a 56 00 00
stack at sp + 2 slots: 0x00007f3d3d0af740 points into unknown readable memory: 0x00007ffcccc8b000 | 00 b0 c8 cc fc 7f 00 00
stack at sp + 3 slots: 0x00007f3d3d07e220 points into unknown readable memory: 0x00007f3d3d06c000 | 00 c0 06 3d 3d 7f 00 00
stack at sp + 4 slots: 0x00007f3d340020b0 points into unknown readable memory: 0x00007f3d3d063000 | 00 30 06 3d 3d 7f 00 00
stack at sp + 5 slots: 0x00007f3d34003b80 points into unknown readable memory: 0x00007f3d3b5e6000 | 00 60 5e 3b 3d 7f 00 00
stack at sp + 6 slots: 0x00007f3d34012ca0 points into unknown readable memory: 0x00007f3d3b5b6000 | 00 60 5b 3b 3d 7f 00 00
stack at sp + 7 slots: 0x00007f3d34023bf0 points into unknown readable memory: 0x00007f3d3b5db000 | 00 b0 5d 3b 3d 7f 00 00

VM_Operation (0x00007f3d05cfa770): Exit, mode: safepoint, requested by thread 0x00007f3ce8000ec0


---------------  P R O C E S S  ---------------

Threads class SMR info:
_java_thread_list=0x00007f3ce8001850, length=15, elements={
0x00007f3d34174990, 0x00007f3d34175d70, 0x00007f3d3417c420, 0x00007f3d3417d830,
0x00007f3d3417f1e0, 0x00007f3d34180710, 0x00007f3d34189b70, 0x00007f3d341a04c0,
0x00007f3d341a3430, 0x00007f3cd0000fa0, 0x00007f3d341a4300, 0x00007f3d341a9360,
0x00007f3ce8000ec0, 0x00007f3ce8001930, 0x00007f3d340135b0
}

Java Threads: ( => current thread )
  0x00007f3d34174990 JavaThread "Reference Handler" daemon [_thread_blocked, id=11701, stack(0x00007f3d38357000,0x00007f3d38458000)]
  0x00007f3d34175d70 JavaThread "Finalizer" daemon [_thread_blocked, id=11702, stack(0x00007f3d38256000,0x00007f3d38357000)]
  0x00007f3d3417c420 JavaThread "Service Thread" daemon [_thread_blocked, id=11704, stack(0x00007f3d38054000,0x00007f3d38155000)]
  0x00007f3d3417d830 JavaThread "Monitor Deflation Thread" daemon [_thread_blocked, id=11705, stack(0x00007f3d15673000,0x00007f3d15774000)]
  0x00007f3d3417f1e0 JavaThread "C2 CompilerThread0" daemon [_thread_blocked, id=11706, stack(0x00007f3d15572000,0x00007f3d15673000)]
  0x00007f3d34180710 JavaThread "C1 CompilerThread0" daemon [_thread_blocked, id=11707, stack(0x00007f3d15471000,0x00007f3d15572000)]
  0x00007f3d34189b70 JavaThread "Sweeper thread" daemon [_thread_blocked, id=11708, stack(0x00007f3d14312000,0x00007f3d14413000)]
  0x00007f3d341a04c0 JavaThread "JDWP Transport Listener: dt_socket" daemon [_thread_blocked, id=11710, stack(0x00007f3d14211000,0x00007f3d14312000)]
  0x00007f3d341a3430 JavaThread "JDWP Event Helper Thread" daemon [_thread_blocked, id=11712, stack(0x00007f3d14110000,0x00007f3d14211000)]
  0x00007f3cd0000fa0 JavaThread "JDWP Command Reader" daemon [_thread_in_native, id=11714, stack(0x00007f3d1400f000,0x00007f3d14110000)]
  0x00007f3d341a4300 JavaThread "Notification Thread" daemon [_thread_blocked, id=11716, stack(0x00007f3d05eff000,0x00007f3d06000000)]
  0x00007f3d341a9360 JavaThread "Common-Cleaner" daemon [_thread_blocked, id=11718, stack(0x00007f3d05cfc000,0x00007f3d05dfd000)]
  0x00007f3ce8000ec0 JavaThread "SIGTERM handler" daemon [_thread_blocked, id=12793, stack(0x00007f3d05bfb000,0x00007f3d05cfc000)]
  0x00007f3ce8001930 JavaThread "SIGTERM handler" daemon [_thread_blocked, id=12796, stack(0x00007f3d05afa000,0x00007f3d05bfb000)]
  0x00007f3d340135b0 JavaThread "DestroyJavaVM" [_thread_blocked, id=11694, stack(0x00007f3d3b628000,0x00007f3d3b729000)]

Other Threads:
=>0x00007f3d34170a70 VMThread "VM Thread" [stack: 0x00007f3d3845a000,0x00007f3d3855a000] [id=11700]
  0x00007f3d3407d400 GCTaskThread "GC Thread#0" [stack: 0x00007f3d3935a000,0x00007f3d3945a000] [id=11695]
  0x00007f3cfc005fa0 GCTaskThread "GC Thread#1" [stack: 0x00007f3d05978000,0x00007f3d05a78000] [id=11724]
  0x00007f3cfc0069d0 GCTaskThread "GC Thread#2" [stack: 0x00007f3d05876000,0x00007f3d05976000] [id=11725]
  0x00007f3cfc007400 GCTaskThread "GC Thread#3" [stack: 0x00007f3d04f00000,0x00007f3d05000000] [id=11726]
  0x00007f3cfc008220 GCTaskThread "GC Thread#4" [stack: 0x00007f3d04dfe000,0x00007f3d04efe000] [id=11727]
  0x00007f3cfc00e480 GCTaskThread "GC Thread#5" [stack: 0x00007f3d04cfc000,0x00007f3d04dfc000] [id=11728]
  0x00007f3cfc00c860 GCTaskThread "GC Thread#6" [stack: 0x00007f3d04bfa000,0x00007f3d04cfa000] [id=11730]
  0x00007f3cfc00d1a0 GCTaskThread "GC Thread#7" [stack: 0x00007f3d04af8000,0x00007f3d04bf8000] [id=11731]
  0x00007f3d3408dd90 ConcurrentGCThread "G1 Main Marker" terminated
  0x00007f3d3408ecf0 ConcurrentGCThread "G1 Conc#0" [stack: 0x00007f3d39156000,0x00007f3d39256000] [id=11697]
  0x00007f3d34140140 ConcurrentGCThread "G1 Refine#0" terminated
  0x00007f3d34141030 ConcurrentGCThread "G1 Service" terminated

Threads with active compile tasks:

VM state: at safepoint (shutting down)

VM Mutex/Monitor currently owned by a thread:  ([mutex/lock_event])
[0x00007f3d3400fdd0] Threads_lock - owner thread: 0x00007f3d34170a70
[0x00007f3d34010580] Heap_lock - owner thread: 0x00007f3ce8000ec0

Heap address: 0x000000070c600000, size: 3898 MB, Compressed Oops mode: Zero based, Oop shift amount: 3

CDS archive(s) mapped at: [0x0000000800000000-0x0000000800be0000-0x0000000800be0000), size 12451840, SharedBaseAddress: 0x0000000800000000, ArchiveRelocationMode: 0.
Compressed class space mapped at: 0x0000000800c00000-0x0000000840c00000, reserved size: 1073741824
Narrow klass base: 0x0000000800000000, Narrow klass shift: 0, Narrow klass range: 0x100000000

GC Precious Log:
 CPUs: 8 total, 8 available
 Memory: 15584M
 Large Page Support: Disabled
 NUMA Support: Disabled
 Compressed Oops: Enabled (Zero based)
 Heap Region Size: 2M
 Heap Min Capacity: 8M
 Heap Initial Capacity: 244M
 Heap Max Capacity: 3898M
 Pre-touch: Disabled
 Parallel Workers: 8
 Concurrent Workers: 2
 Concurrent Refinement Workers: 8
 Periodic GC: Disabled

Heap:
 garbage-first heap   total 253952K, used 100319K [0x000000070c600000, 0x0000000800000000)
  region size 2048K, 49 young (100352K), 3 survivors (6144K)
 Metaspace       used 12916K, committed 13120K, reserved 1064960K
  class space    used 2885K, committed 3008K, reserved 1048576K

Heap Regions: E=young(eden), S=young(survivor), O=old, HS=humongous(starts), HC=humongous(continues), CS=collection set, F=free, OA=open archive, CA=closed archive, TAMS=top-at-mark-start (previous, next)
|   0|0x000000070c600000, 0x000000070c600000, 0x000000070c800000|  0%| F|  |TAMS 0x000000070c600000, 0x000000070c600000| Untracked 
|   1|0x000000070c800000, 0x000000070c800000, 0x000000070ca00000|  0%| F|  |TAMS 0x000000070c800000, 0x000000070c800000| Untracked 
|   2|0x000000070ca00000, 0x000000070ca00000, 0x000000070cc00000|  0%| F|  |TAMS 0x000000070ca00000, 0x000000070ca00000| Untracked 
|   3|0x000000070cc00000, 0x000000070cc00000, 0x000000070ce00000|  0%| F|  |TAMS 0x000000070cc00000, 0x000000070cc00000| Untracked 
|   4|0x000000070ce00000, 0x000000070ce00000, 0x000000070d000000|  0%| F|  |TAMS 0x000000070ce00000, 0x000000070ce00000| Untracked 
|   5|0x000000070d000000, 0x000000070d000000, 0x000000070d200000|  0%| F|  |TAMS 0x000000070d000000, 0x000000070d000000| Untracked 
|   6|0x000000070d200000, 0x000000070d200000, 0x000000070d400000|  0%| F|  |TAMS 0x000000070d200000, 0x000000070d200000| Untracked 
|   7|0x000000070d400000, 0x000000070d400000, 0x000000070d600000|  0%| F|  |TAMS 0x000000070d400000, 0x000000070d400000| Untracked 
|   8|0x000000070d600000, 0x000000070d600000, 0x000000070d800000|  0%| F|  |TAMS 0x000000070d600000, 0x000000070d600000| Untracked 
|   9|0x000000070d800000, 0x000000070d800000, 0x000000070da00000|  0%| F|  |TAMS 0x000000070d800000, 0x000000070d800000| Untracked 
|  10|0x000000070da00000, 0x000000070da00000, 0x000000070dc00000|  0%| F|  |TAMS 0x000000070da00000, 0x000000070da00000| Untracked 
|  11|0x000000070dc00000, 0x000000070dc00000, 0x000000070de00000|  0%| F|  |TAMS 0x000000070dc00000, 0x000000070dc00000| Untracked 
|  12|0x000000070de00000, 0x000000070de00000, 0x000000070e000000|  0%| F|  |TAMS 0x000000070de00000, 0x000000070de00000| Untracked 
|  13|0x000000070e000000, 0x000000070e000000, 0x000000070e200000|  0%| F|  |TAMS 0x000000070e000000, 0x000000070e000000| Untracked 
|  14|0x000000070e200000, 0x000000070e200000, 0x000000070e400000|  0%| F|  |TAMS 0x000000070e200000, 0x000000070e200000| Untracked 
|  15|0x000000070e400000, 0x000000070e400000, 0x000000070e600000|  0%| F|  |TAMS 0x000000070e400000, 0x000000070e400000| Untracked 
|  16|0x000000070e600000, 0x000000070e600000, 0x000000070e800000|  0%| F|  |TAMS 0x000000070e600000, 0x000000070e600000| Untracked 
|  17|0x000000070e800000, 0x000000070e800000, 0x000000070ea00000|  0%| F|  |TAMS 0x000000070e800000, 0x000000070e800000| Untracked 
|  18|0x000000070ea00000, 0x000000070ea00000, 0x000000070ec00000|  0%| F|  |TAMS 0x000000070ea00000, 0x000000070ea00000| Untracked 
|  19|0x000000070ec00000, 0x000000070ec00000, 0x000000070ee00000|  0%| F|  |TAMS 0x000000070ec00000, 0x000000070ec00000| Untracked 
|  20|0x000000070ee00000, 0x000000070ee00000, 0x000000070f000000|  0%| F|  |TAMS 0x000000070ee00000, 0x000000070ee00000| Untracked 
|  21|0x000000070f000000, 0x000000070f000000, 0x000000070f200000|  0%| F|  |TAMS 0x000000070f000000, 0x000000070f000000| Untracked 
|  22|0x000000070f200000, 0x000000070f200000, 0x000000070f400000|  0%| F|  |TAMS 0x000000070f200000, 0x000000070f200000| Untracked 
|  23|0x000000070f400000, 0x000000070f400000, 0x000000070f600000|  0%| F|  |TAMS 0x000000070f400000, 0x000000070f400000| Untracked 
|  24|0x000000070f600000, 0x000000070f600000, 0x000000070f800000|  0%| F|  |TAMS 0x000000070f600000, 0x000000070f600000| Untracked 
|  25|0x000000070f800000, 0x000000070f800000, 0x000000070fa00000|  0%| F|  |TAMS 0x000000070f800000, 0x000000070f800000| Untracked 
|  26|0x000000070fa00000, 0x000000070fa00000, 0x000000070fc00000|  0%| F|  |TAMS 0x000000070fa00000, 0x000000070fa00000| Untracked 
|  27|0x000000070fc00000, 0x000000070fc00000, 0x000000070fe00000|  0%| F|  |TAMS 0x000000070fc00000, 0x000000070fc00000| Untracked 
|  28|0x000000070fe00000, 0x000000070fe00000, 0x0000000710000000|  0%| F|  |TAMS 0x000000070fe00000, 0x000000070fe00000| Untracked 
|  29|0x0000000710000000, 0x0000000710000000, 0x0000000710200000|  0%| F|  |TAMS 0x0000000710000000, 0x0000000710000000| Untracked 
|  30|0x0000000710200000, 0x0000000710200000, 0x0000000710400000|  0%| F|  |TAMS 0x0000000710200000, 0x0000000710200000| Untracked 
|  31|0x0000000710400000, 0x0000000710400000, 0x0000000710600000|  0%| F|  |TAMS 0x0000000710400000, 0x0000000710400000| Untracked 
|  32|0x0000000710600000, 0x0000000710600000, 0x0000000710800000|  0%| F|  |TAMS 0x0000000710600000, 0x0000000710600000| Untracked 
|  33|0x0000000710800000, 0x0000000710800000, 0x0000000710a00000|  0%| F|  |TAMS 0x0000000710800000, 0x0000000710800000| Untracked 
|  34|0x0000000710a00000, 0x0000000710a00000, 0x0000000710c00000|  0%| F|  |TAMS 0x0000000710a00000, 0x0000000710a00000| Untracked 
|  35|0x0000000710c00000, 0x0000000710c00000, 0x0000000710e00000|  0%| F|  |TAMS 0x0000000710c00000, 0x0000000710c00000| Untracked 
|  36|0x0000000710e00000, 0x0000000710e00000, 0x0000000711000000|  0%| F|  |TAMS 0x0000000710e00000, 0x0000000710e00000| Untracked 
|  37|0x0000000711000000, 0x0000000711000000, 0x0000000711200000|  0%| F|  |TAMS 0x0000000711000000, 0x0000000711000000| Untracked 
|  38|0x0000000711200000, 0x0000000711200000, 0x0000000711400000|  0%| F|  |TAMS 0x0000000711200000, 0x0000000711200000| Untracked 
|  39|0x0000000711400000, 0x0000000711400000, 0x0000000711600000|  0%| F|  |TAMS 0x0000000711400000, 0x0000000711400000| Untracked 
|  40|0x0000000711600000, 0x0000000711600000, 0x0000000711800000|  0%| F|  |TAMS 0x0000000711600000, 0x0000000711600000| Untracked 
|  41|0x0000000711800000, 0x0000000711800000, 0x0000000711a00000|  0%| F|  |TAMS 0x0000000711800000, 0x0000000711800000| Untracked 
|  42|0x0000000711a00000, 0x0000000711a00000, 0x0000000711c00000|  0%| F|  |TAMS 0x0000000711a00000, 0x0000000711a00000| Untracked 
|  43|0x0000000711c00000, 0x0000000711c00000, 0x0000000711e00000|  0%| F|  |TAMS 0x0000000711c00000, 0x0000000711c00000| Untracked 
|  44|0x0000000711e00000, 0x0000000711e00000, 0x0000000712000000|  0%| F|  |TAMS 0x0000000711e00000, 0x0000000711e00000| Untracked 
|  45|0x0000000712000000, 0x0000000712000000, 0x0000000712200000|  0%| F|  |TAMS 0x0000000712000000, 0x0000000712000000| Untracked 
|  46|0x0000000712200000, 0x0000000712200000, 0x0000000712400000|  0%| F|  |TAMS 0x0000000712200000, 0x0000000712200000| Untracked 
|  47|0x0000000712400000, 0x0000000712400000, 0x0000000712600000|  0%| F|  |TAMS 0x0000000712400000, 0x0000000712400000| Untracked 
|  48|0x0000000712600000, 0x0000000712600000, 0x0000000712800000|  0%| F|  |TAMS 0x0000000712600000, 0x0000000712600000| Untracked 
|  49|0x0000000712800000, 0x0000000712800000, 0x0000000712a00000|  0%| F|  |TAMS 0x0000000712800000, 0x0000000712800000| Untracked 
|  50|0x0000000712a00000, 0x0000000712a00000, 0x0000000712c00000|  0%| F|  |TAMS 0x0000000712a00000, 0x0000000712a00000| Untracked 
|  51|0x0000000712c00000, 0x0000000712c00000, 0x0000000712e00000|  0%| F|  |TAMS 0x0000000712c00000, 0x0000000712c00000| Untracked 
|  52|0x0000000712e00000, 0x0000000712e00000, 0x0000000713000000|  0%| F|  |TAMS 0x0000000712e00000, 0x0000000712e00000| Untracked 
|  53|0x0000000713000000, 0x0000000713000000, 0x0000000713200000|  0%| F|  |TAMS 0x0000000713000000, 0x0000000713000000| Untracked 
|  54|0x0000000713200000, 0x0000000713200000, 0x0000000713400000|  0%| F|  |TAMS 0x0000000713200000, 0x0000000713200000| Untracked 
|  55|0x0000000713400000, 0x0000000713400000, 0x0000000713600000|  0%| F|  |TAMS 0x0000000713400000, 0x0000000713400000| Untracked 
|  56|0x0000000713600000, 0x0000000713600000, 0x0000000713800000|  0%| F|  |TAMS 0x0000000713600000, 0x0000000713600000| Untracked 
|  57|0x0000000713800000, 0x0000000713800000, 0x0000000713a00000|  0%| F|  |TAMS 0x0000000713800000, 0x0000000713800000| Untracked 
|  58|0x0000000713a00000, 0x0000000713a00000, 0x0000000713c00000|  0%| F|  |TAMS 0x0000000713a00000, 0x0000000713a00000| Untracked 
|  59|0x0000000713c00000, 0x0000000713c00000, 0x0000000713e00000|  0%| F|  |TAMS 0x0000000713c00000, 0x0000000713c00000| Untracked 
|  60|0x0000000713e00000, 0x0000000713e00000, 0x0000000714000000|  0%| F|  |TAMS 0x0000000713e00000, 0x0000000713e00000| Untracked 
|  61|0x0000000714000000, 0x0000000714000000, 0x0000000714200000|  0%| F|  |TAMS 0x0000000714000000, 0x0000000714000000| Untracked 
|  62|0x0000000714200000, 0x0000000714200000, 0x0000000714400000|  0%| F|  |TAMS 0x0000000714200000, 0x0000000714200000| Untracked 
|  63|0x0000000714400000, 0x0000000714400000, 0x0000000714600000|  0%| F|  |TAMS 0x0000000714400000, 0x0000000714400000| Untracked 
|  64|0x0000000714600000, 0x0000000714600000, 0x0000000714800000|  0%| F|  |TAMS 0x0000000714600000, 0x0000000714600000| Untracked 
|  65|0x0000000714800000, 0x0000000714800000, 0x0000000714a00000|  0%| F|  |TAMS 0x0000000714800000, 0x0000000714800000| Untracked 
|  66|0x0000000714a00000, 0x0000000714a00000, 0x0000000714c00000|  0%| F|  |TAMS 0x0000000714a00000, 0x0000000714a00000| Untracked 
|  67|0x0000000714c00000, 0x0000000714c00000, 0x0000000714e00000|  0%| F|  |TAMS 0x0000000714c00000, 0x0000000714c00000| Untracked 
|  68|0x0000000714e00000, 0x0000000714e00000, 0x0000000715000000|  0%| F|  |TAMS 0x0000000714e00000, 0x0000000714e00000| Untracked 
|  69|0x0000000715000000, 0x0000000715000000, 0x0000000715200000|  0%| F|  |TAMS 0x0000000715000000, 0x0000000715000000| Untracked 
|  70|0x0000000715200000, 0x0000000715200000, 0x0000000715400000|  0%| F|  |TAMS 0x0000000715200000, 0x0000000715200000| Untracked 
|  71|0x0000000715400000, 0x0000000715400000, 0x0000000715600000|  0%| F|  |TAMS 0x0000000715400000, 0x0000000715400000| Untracked 
|  72|0x0000000715600000, 0x0000000715600000, 0x0000000715800000|  0%| F|  |TAMS 0x0000000715600000, 0x0000000715600000| Untracked 
|  73|0x0000000715800000, 0x0000000715900800, 0x0000000715a00000| 50%| E|  |TAMS 0x0000000715800000, 0x0000000715800000| Complete 
|  74|0x0000000715a00000, 0x0000000715c00000, 0x0000000715c00000|100%| E|CS|TAMS 0x0000000715a00000, 0x0000000715a00000| Complete 
|  75|0x0000000715c00000, 0x0000000715e00000, 0x0000000715e00000|100%| E|CS|TAMS 0x0000000715c00000, 0x0000000715c00000| Complete 
|  76|0x0000000715e00000, 0x0000000716000000, 0x0000000716000000|100%| E|CS|TAMS 0x0000000715e00000, 0x0000000715e00000| Complete 
|  77|0x0000000716000000, 0x0000000716200000, 0x0000000716200000|100%| E|CS|TAMS 0x0000000716000000, 0x0000000716000000| Complete 
|  78|0x0000000716200000, 0x0000000716400000, 0x0000000716400000|100%| E|CS|TAMS 0x0000000716200000, 0x0000000716200000| Complete 
|  79|0x0000000716400000, 0x0000000716600000, 0x0000000716600000|100%| E|CS|TAMS 0x0000000716400000, 0x0000000716400000| Complete 
|  80|0x0000000716600000, 0x0000000716800000, 0x0000000716800000|100%| E|CS|TAMS 0x0000000716600000, 0x0000000716600000| Complete 
|  81|0x0000000716800000, 0x0000000716a00000, 0x0000000716a00000|100%| E|CS|TAMS 0x0000000716800000, 0x0000000716800000| Complete 
|  82|0x0000000716a00000, 0x0000000716c00000, 0x0000000716c00000|100%| E|CS|TAMS 0x0000000716a00000, 0x0000000716a00000| Complete 
|  83|0x0000000716c00000, 0x0000000716e00000, 0x0000000716e00000|100%| E|CS|TAMS 0x0000000716c00000, 0x0000000716c00000| Complete 
|  84|0x0000000716e00000, 0x0000000717000000, 0x0000000717000000|100%| E|CS|TAMS 0x0000000716e00000, 0x0000000716e00000| Complete 
|  85|0x0000000717000000, 0x0000000717200000, 0x0000000717200000|100%| E|CS|TAMS 0x0000000717000000, 0x0000000717000000| Complete 
|  86|0x0000000717200000, 0x0000000717400000, 0x0000000717400000|100%| E|CS|TAMS 0x0000000717200000, 0x0000000717200000| Complete 
|  87|0x0000000717400000, 0x0000000717600000, 0x0000000717600000|100%| E|CS|TAMS 0x0000000717400000, 0x0000000717400000| Complete 
|  88|0x0000000717600000, 0x0000000717800000, 0x0000000717800000|100%| E|CS|TAMS 0x0000000717600000, 0x0000000717600000| Complete 
|  89|0x0000000717800000, 0x0000000717a00000, 0x0000000717a00000|100%| E|CS|TAMS 0x0000000717800000, 0x0000000717800000| Complete 
|  90|0x0000000717a00000, 0x0000000717c00000, 0x0000000717c00000|100%| E|CS|TAMS 0x0000000717a00000, 0x0000000717a00000| Complete 
|  91|0x0000000717c00000, 0x0000000717e00000, 0x0000000717e00000|100%| E|CS|TAMS 0x0000000717c00000, 0x0000000717c00000| Complete 
|  92|0x0000000717e00000, 0x0000000718000000, 0x0000000718000000|100%| E|CS|TAMS 0x0000000717e00000, 0x0000000717e00000| Complete 
|  93|0x0000000718000000, 0x0000000718200000, 0x0000000718200000|100%| E|CS|TAMS 0x0000000718000000, 0x0000000718000000| Complete 
|  94|0x0000000718200000, 0x0000000718400000, 0x0000000718400000|100%| E|CS|TAMS 0x0000000718200000, 0x0000000718200000| Complete 
|  95|0x0000000718400000, 0x0000000718600000, 0x0000000718600000|100%| E|CS|TAMS 0x0000000718400000, 0x0000000718400000| Complete 
|  96|0x0000000718600000, 0x0000000718800000, 0x0000000718800000|100%| E|CS|TAMS 0x0000000718600000, 0x0000000718600000| Complete 
|  97|0x0000000718800000, 0x0000000718a00000, 0x0000000718a00000|100%| E|CS|TAMS 0x0000000718800000, 0x0000000718800000| Complete 
|  98|0x0000000718a00000, 0x0000000718c00000, 0x0000000718c00000|100%| E|CS|TAMS 0x0000000718a00000, 0x0000000718a00000| Complete 
|  99|0x0000000718c00000, 0x0000000718dfee40, 0x0000000718e00000| 99%| S|CS|TAMS 0x0000000718c00000, 0x0000000718c00000| Complete 
| 100|0x0000000718e00000, 0x0000000719000000, 0x0000000719000000|100%| S|CS|TAMS 0x0000000718e00000, 0x0000000718e00000| Complete 
| 101|0x0000000719000000, 0x0000000719200000, 0x0000000719200000|100%| S|CS|TAMS 0x0000000719000000, 0x0000000719000000| Complete 
| 102|0x0000000719200000, 0x0000000719400000, 0x0000000719400000|100%| E|CS|TAMS 0x0000000719200000, 0x0000000719200000| Complete 
| 103|0x0000000719400000, 0x0000000719600000, 0x0000000719600000|100%| E|CS|TAMS 0x0000000719400000, 0x0000000719400000| Complete 
| 104|0x0000000719600000, 0x0000000719800000, 0x0000000719800000|100%| E|CS|TAMS 0x0000000719600000, 0x0000000719600000| Complete 
| 105|0x0000000719800000, 0x0000000719a00000, 0x0000000719a00000|100%| E|CS|TAMS 0x0000000719800000, 0x0000000719800000| Complete 
| 106|0x0000000719a00000, 0x0000000719c00000, 0x0000000719c00000|100%| E|CS|TAMS 0x0000000719a00000, 0x0000000719a00000| Complete 
| 107|0x0000000719c00000, 0x0000000719e00000, 0x0000000719e00000|100%| E|CS|TAMS 0x0000000719c00000, 0x0000000719c00000| Complete 
| 108|0x0000000719e00000, 0x000000071a000000, 0x000000071a000000|100%| E|CS|TAMS 0x0000000719e00000, 0x0000000719e00000| Complete 
| 109|0x000000071a000000, 0x000000071a200000, 0x000000071a200000|100%| E|CS|TAMS 0x000000071a000000, 0x000000071a000000| Complete 
| 110|0x000000071a200000, 0x000000071a400000, 0x000000071a400000|100%| E|CS|TAMS 0x000000071a200000, 0x000000071a200000| Complete 
| 111|0x000000071a400000, 0x000000071a600000, 0x000000071a600000|100%| E|CS|TAMS 0x000000071a400000, 0x000000071a400000| Complete 
| 112|0x000000071a600000, 0x000000071a800000, 0x000000071a800000|100%| E|CS|TAMS 0x000000071a600000, 0x000000071a600000| Complete 
| 113|0x000000071a800000, 0x000000071aa00000, 0x000000071aa00000|100%| E|CS|TAMS 0x000000071a800000, 0x000000071a800000| Complete 
| 114|0x000000071aa00000, 0x000000071ac00000, 0x000000071ac00000|100%| E|CS|TAMS 0x000000071aa00000, 0x000000071aa00000| Complete 
| 115|0x000000071ac00000, 0x000000071ae00000, 0x000000071ae00000|100%| E|CS|TAMS 0x000000071ac00000, 0x000000071ac00000| Complete 
| 116|0x000000071ae00000, 0x000000071b000000, 0x000000071b000000|100%| E|CS|TAMS 0x000000071ae00000, 0x000000071ae00000| Complete 
| 117|0x000000071b000000, 0x000000071b200000, 0x000000071b200000|100%| E|CS|TAMS 0x000000071b000000, 0x000000071b000000| Complete 
| 118|0x000000071b200000, 0x000000071b400000, 0x000000071b400000|100%| E|CS|TAMS 0x000000071b200000, 0x000000071b200000| Complete 
| 119|0x000000071b400000, 0x000000071b600000, 0x000000071b600000|100%| E|CS|TAMS 0x000000071b400000, 0x000000071b400000| Complete 
| 120|0x000000071b600000, 0x000000071b800000, 0x000000071b800000|100%| E|CS|TAMS 0x000000071b600000, 0x000000071b600000| Complete 
| 121|0x000000071b800000, 0x000000071ba00000, 0x000000071ba00000|100%| E|CS|TAMS 0x000000071b800000, 0x000000071b800000| Complete 
|1947|0x00000007ffc00000, 0x00000007ffd77000, 0x00000007ffe00000| 73%|OA|  |TAMS 0x00000007ffc00000, 0x00000007ffc00000| Untracked 
|1948|0x00000007ffe00000, 0x00000007ffe82000, 0x0000000800000000| 25%|CA|  |TAMS 0x00000007ffe00000, 0x00000007ffe00000| Untracked 

Card table byte_map: [0x00007f3d39c75000,0x00007f3d3a412000] _byte_map_base: 0x00007f3d36412000

Marking Bits (Prev, Next): (CMBitMap*) 0x00007f3d3407de80, (CMBitMap*) 0x00007f3d3407dec0
 Prev Bits: [0x00007f3d1945c000, 0x00007f3d1d144000)
 Next Bits: [0x00007f3d15774000, 0x00007f3d1945c000)

Polling page: 0x00007f3d3d061000

Metaspace:

Usage:
  Non-class:      9,80 MB used.
      Class:      2,82 MB used.
       Both:     12,61 MB used.

Virtual space:
  Non-class space:       16,00 MB reserved,       9,88 MB ( 62%) committed,  2 nodes.
      Class space:        1,00 GB reserved,       2,94 MB ( <1%) committed,  1 nodes.
             Both:        1,02 GB reserved,      12,81 MB (  1%) committed. 

Chunk freelists:
   Non-Class:  3,69 MB
       Class:  1,05 MB
        Both:  4,73 MB

MaxMetaspaceSize: unlimited
CompressedClassSpaceSize: 1,00 GB
Initial GC threshold: 21,00 MB
Current GC threshold: 21,00 MB
CDS: on
MetaspaceReclaimPolicy: balanced
 - commit_granule_bytes: 65536.
 - commit_granule_words: 8192.
 - virtual_space_node_default_size: 1048576.
 - enlarge_chunks_in_place: 1.
 - new_chunks_are_fully_committed: 0.
 - uncommit_free_chunks: 1.
 - use_allocation_guard: 0.
 - handle_deallocations: 1.


Internal statistics:

num_allocs_failed_limit: 0.
num_arena_births: 54.
num_arena_deaths: 0.
num_vsnodes_births: 3.
num_vsnodes_deaths: 0.
num_space_committed: 203.
num_space_uncommitted: 0.
num_chunks_returned_to_freelist: 0.
num_chunks_taken_from_freelist: 442.
num_chunk_merges: 0.
num_chunk_splits: 383.
num_chunks_enlarged: 341.
num_purges: 0.
num_inconsistent_stats: 0.

CodeHeap 'non-profiled nmethods': size=120028Kb used=1347Kb max_used=1347Kb free=118680Kb
 bounds [0x00007f3d24c0d000, 0x00007f3d24e7d000, 0x00007f3d2c144000]
CodeHeap 'profiled nmethods': size=120028Kb used=3668Kb max_used=3668Kb free=116359Kb
 bounds [0x00007f3d1d6d6000, 0x00007f3d1da76000, 0x00007f3d24c0d000]
CodeHeap 'non-nmethods': size=5704Kb used=1234Kb max_used=1298Kb free=4470Kb
 bounds [0x00007f3d1d144000, 0x00007f3d1d3b4000, 0x00007f3d1d6d6000]
 total_blobs=2173 nmethods=1715 adapters=371
 compilation: enabled
              stopped_count=0, restarted_count=0
 full_count=0

Compilation events (20 events):
Event: 1,661 Thread 0x00007f3d34180710 nmethod 1729 0x00007f3d1da66b90 code [0x00007f3d1da66d40, 0x00007f3d1da66f80]
Event: 1,662 Thread 0x00007f3d34180710 1730       3       clojure.lang.ATransientMap::conj (6 bytes)
Event: 1,662 Thread 0x00007f3d34180710 nmethod 1730 0x00007f3d1da67090 code [0x00007f3d1da67240, 0x00007f3d1da67400]
Event: 1,662 Thread 0x00007f3d34180710 1732       3       clojure.lang.Numbers::shiftLeft (9 bytes)
Event: 1,663 Thread 0x00007f3d34180710 nmethod 1732 0x00007f3d1da67510 code [0x00007f3d1da676c0, 0x00007f3d1da67840]
Event: 1,663 Thread 0x00007f3d34180710 1731       3       clojure.lang.ATransientMap::conj (139 bytes)
Event: 1,664 Thread 0x00007f3d34180710 nmethod 1731 0x00007f3d1da67910 code [0x00007f3d1da67ca0, 0x00007f3d1da699c0]
Event: 1,664 Thread 0x00007f3d34180710 1733       3       clojure.lang.PersistentHashMap$BitmapIndexedNode::find (90 bytes)
Event: 1,664 Thread 0x00007f3d34180710 nmethod 1733 0x00007f3d1da69f90 code [0x00007f3d1da6a1a0, 0x00007f3d1da6a8c0]
Event: 1,704 Thread 0x00007f3d3417f1e0 nmethod 1676 0x00007f3d24d2d210 code [0x00007f3d24d2d5a0, 0x00007f3d24d2fac0]
Event: 1,704 Thread 0x00007f3d3417f1e0 1726       4       java.lang.String::equals (56 bytes)
Event: 1,706 Thread 0x00007f3d3417f1e0 nmethod 1726 0x00007f3d24d31690 code [0x00007f3d24d31820, 0x00007f3d24d319f8]
Event: 1,706 Thread 0x00007f3d3417f1e0 1716       4       clojure.lang.Atom::swap (47 bytes)
Event: 1,709 Thread 0x00007f3d3417f1e0 nmethod 1716 0x00007f3d24d31a90 code [0x00007f3d24d31c40, 0x00007f3d24d31fc8]
Event: 1,709 Thread 0x00007f3d3417f1e0 1722       4       instaparse.gll$push_result::invokeStatic (1385 bytes)
Event: 1,756 Thread 0x00007f3cd825a3c0 nmethod 1718 0x00007f3d24d32390 code [0x00007f3d24d328e0, 0x00007f3d24d35e18]
Event: 1,910 Thread 0x00007f3cd819b250 nmethod 1626 0x00007f3d24d39290 code [0x00007f3d24d39ae0, 0x00007f3d24d42210]
Event: 2,126 Thread 0x00007f3d3417f1e0 nmethod 1722 0x00007f3d24d47c10 code [0x00007f3d24d488a0, 0x00007f3d24d54e00]
Event: 462,596 Thread 0x00007f3d34180710 1735       3       java.lang.StringLatin1::inflate (34 bytes)
Event: 462,597 Thread 0x00007f3d34180710 nmethod 1735 0x00007f3d1da6ab90 code [0x00007f3d1da6ad40, 0x00007f3d1da6af30]

GC Heap History (4 events):
Event: 0,701 GC heap before
{Heap before GC invocations=0 (full 0):
 garbage-first heap   total 253952K, used 24548K [0x000000070c600000, 0x0000000800000000)
  region size 2048K, 11 young (22528K), 0 survivors (0K)
 Metaspace       used 6838K, committed 6976K, reserved 1064960K
  class space    used 1448K, committed 1472K, reserved 1048576K
}
Event: 0,705 GC heap after
{Heap after GC invocations=1 (full 0):
 garbage-first heap   total 253952K, used 4784K [0x000000070c600000, 0x0000000800000000)
  region size 2048K, 2 young (4096K), 2 survivors (4096K)
 Metaspace       used 6838K, committed 6976K, reserved 1064960K
  class space    used 1448K, committed 1472K, reserved 1048576K
}
Event: 1,165 GC heap before
{Heap before GC invocations=1 (full 0):
 garbage-first heap   total 253952K, used 41648K [0x000000070c600000, 0x0000000800000000)
  region size 2048K, 20 young (40960K), 2 survivors (4096K)
 Metaspace       used 11398K, committed 11520K, reserved 1064960K
  class space    used 2549K, committed 2624K, reserved 1048576K
}
Event: 1,171 GC heap after
{Heap after GC invocations=2 (full 0):
 garbage-first heap   total 253952K, used 8159K [0x000000070c600000, 0x0000000800000000)
  region size 2048K, 3 young (6144K), 3 survivors (6144K)
 Metaspace       used 11398K, committed 11520K, reserved 1064960K
  class space    used 2549K, committed 2624K, reserved 1048576K
}

Deoptimization events (20 events):
Event: 1,652 Thread 0x00007f3d340135b0 Uncommon trap: trap_request=0xffffff45 fr.pc=0x00007f3d24d185d0 relative=0x00000000000009b0
Event: 1,652 Thread 0x00007f3d340135b0 Uncommon trap: reason=unstable_if action=reinterpret pc=0x00007f3d24d185d0 method=instaparse.gll$listener_exists_QMARK_.invokeStatic(Ljava/lang/Object;Ljava/lang/Object;)Ljava/lang/Object; @ 155 c2
Event: 1,652 Thread 0x00007f3d340135b0 DEOPT PACKING pc=0x00007f3d24d185d0 sp=0x00007f3d3b726b30
Event: 1,652 Thread 0x00007f3d340135b0 DEOPT UNPACKING pc=0x00007f3d1d199899 sp=0x00007f3d3b726b38 mode 2
Event: 1,653 Thread 0x00007f3d340135b0 Uncommon trap: trap_request=0xffffffde fr.pc=0x00007f3d24cb3a48 relative=0x0000000000000208
Event: 1,653 Thread 0x00007f3d340135b0 Uncommon trap: reason=class_check action=maybe_recompile pc=0x00007f3d24cb3a48 method=clojure.lang.RT.countFrom(Ljava/lang/Object;)I @ 58 c2
Event: 1,653 Thread 0x00007f3d340135b0 DEOPT PACKING pc=0x00007f3d24cb3a48 sp=0x00007f3d3b726d00
Event: 1,653 Thread 0x00007f3d340135b0 DEOPT UNPACKING pc=0x00007f3d1d199899 sp=0x00007f3d3b726c60 mode 2
Event: 1,654 Thread 0x00007f3d340135b0 Uncommon trap: trap_request=0xffffffde fr.pc=0x00007f3d24cb3a48 relative=0x0000000000000208
Event: 1,654 Thread 0x00007f3d340135b0 Uncommon trap: reason=class_check action=maybe_recompile pc=0x00007f3d24cb3a48 method=clojure.lang.RT.countFrom(Ljava/lang/Object;)I @ 58 c2
Event: 1,654 Thread 0x00007f3d340135b0 DEOPT PACKING pc=0x00007f3d24cb3a48 sp=0x00007f3d3b726d00
Event: 1,654 Thread 0x00007f3d340135b0 DEOPT UNPACKING pc=0x00007f3d1d199899 sp=0x00007f3d3b726c60 mode 2
Event: 1,659 Thread 0x00007f3d340135b0 Uncommon trap: trap_request=0xffffff45 fr.pc=0x00007f3d24c4d798 relative=0x00000000000009d8
Event: 1,659 Thread 0x00007f3d340135b0 Uncommon trap: reason=unstable_if action=reinterpret pc=0x00007f3d24c4d798 method=clojure.lang.PersistentHashMap.valAt(Ljava/lang/Object;Ljava/lang/Object;)Ljava/lang/Object; @ 1 c2
Event: 1,659 Thread 0x00007f3d340135b0 DEOPT PACKING pc=0x00007f3d24c4d798 sp=0x00007f3d3b723ec0
Event: 1,659 Thread 0x00007f3d340135b0 DEOPT UNPACKING pc=0x00007f3d1d199899 sp=0x00007f3d3b723ed8 mode 2
Event: 1,663 Thread 0x00007f3d340135b0 Uncommon trap: trap_request=0xffffff45 fr.pc=0x00007f3d24c53538 relative=0x0000000000000558
Event: 1,663 Thread 0x00007f3d340135b0 Uncommon trap: reason=unstable_if action=reinterpret pc=0x00007f3d24c53538 method=clojure.lang.Util.equiv(Ljava/lang/Object;Ljava/lang/Object;)Z @ 15 c2
Event: 1,663 Thread 0x00007f3d340135b0 DEOPT PACKING pc=0x00007f3d24c53538 sp=0x00007f3d3b725d80
Event: 1,663 Thread 0x00007f3d340135b0 DEOPT UNPACKING pc=0x00007f3d1d199899 sp=0x00007f3d3b725cf0 mode 2

Classes unloaded (0 events):
No events

Classes redefined (0 events):
No events

Internal exceptions (20 events):
Event: 0,744 Thread 0x00007f3d340135b0 Exception <a 'java/lang/NoSuchMethodError'{0x000000071b652f68}: 'int java.lang.invoke.DirectMethodHandle$Holder.invokeSpecial(java.lang.Object, java.lang.Object, java.lang.Object, java.lang.Object)'> (0x000000071b652f68) 
thrown [src/hotspot/share/interpreter/linkResolver.cpp, line 765]
Event: 0,748 Thread 0x00007f3d340135b0 Exception <a 'java/lang/NoSuchMethodError'{0x000000071b667360}: 'java.lang.Object java.lang.invoke.DirectMethodHandle$Holder.invokeStatic(java.lang.Object, java.lang.Object, int)'> (0x000000071b667360) 
thrown [src/hotspot/share/interpreter/linkResolver.cpp, line 765]
Event: 0,749 Thread 0x00007f3d340135b0 Exception <a 'java/lang/NoSuchMethodError'{0x000000071b673098}: 'void java.lang.invoke.DelegatingMethodHandle$Holder.delegate(java.lang.Object, java.lang.Object, int, java.lang.Object)'> (0x000000071b673098) 
thrown [src/hotspot/share/interpreter/linkResolver.cpp, line 765]
Event: 0,753 Thread 0x00007f3d340135b0 Exception <a 'java/lang/NoSuchMethodError'{0x000000071b6893c8}: 'int java.lang.invoke.DirectMethodHandle$Holder.invokeStatic(java.lang.Object, java.lang.Object, int)'> (0x000000071b6893c8) 
thrown [src/hotspot/share/interpreter/linkResolver.cpp, line 765]
Event: 0,753 Thread 0x00007f3d340135b0 Exception <a 'java/lang/NoSuchMethodError'{0x000000071b68d1d0}: 'int java.lang.invoke.DirectMethodHandle$Holder.invokeSpecial(java.lang.Object, java.lang.Object, java.lang.Object, int)'> (0x000000071b68d1d0) 
thrown [src/hotspot/share/interpreter/linkResolver.cpp, line 765]
Event: 0,755 Thread 0x00007f3d340135b0 Exception <a 'java/lang/NoSuchMethodError'{0x000000071b69f9f0}: 'java.lang.Object java.lang.invoke.DirectMethodHandle$Holder.invokeStatic(java.lang.Object, java.lang.Object, java.lang.Object, java.lang.Object, int)'> (0x000000071b69f9f0) 
thrown [src/hotspot/share/interpreter/linkResolver.cpp, line 765]
Event: 0,762 Thread 0x00007f3d340135b0 Exception <a 'java/lang/NoSuchMethodError'{0x000000071b6c8460}: 'int java.lang.invoke.Invokers$Holder.invoke_MT(java.lang.Object, java.lang.Object, java.lang.Object, java.lang.Object)'> (0x000000071b6c8460) 
thrown [src/hotspot/share/interpreter/linkResolver.cpp, line 765]
Event: 0,763 Thread 0x00007f3d340135b0 Exception <a 'java/lang/NoSuchMethodError'{0x000000071b6cc5d0}: 'java.lang.Object java.lang.invoke.Invokers$Holder.invokeExact_MT(java.lang.Object, java.lang.Object, java.lang.Object)'> (0x000000071b6cc5d0) 
thrown [src/hotspot/share/interpreter/linkResolver.cpp, line 765]
Event: 0,780 Thread 0x00007f3d340135b0 Implicit null exception at 0x00007f3d24c57eef to 0x00007f3d24c58274
Event: 0,938 Thread 0x00007f3d340135b0 Implicit null exception at 0x00007f3d24c5984f to 0x00007f3d24c5997c
Event: 1,060 Thread 0x00007f3d340135b0 Implicit null exception at 0x00007f3d24c96272 to 0x00007f3d24c99158
Event: 1,060 Thread 0x00007f3d340135b0 Implicit null exception at 0x00007f3d24c77512 to 0x00007f3d24c7a0c0
Event: 1,374 Thread 0x00007f3d340135b0 Implicit null exception at 0x00007f3d24c26bd4 to 0x00007f3d24c26ec0
Event: 1,395 Thread 0x00007f3d340135b0 Exception <a 'java/io/FileNotFoundException'{0x000000071949a258}> (0x000000071949a258) 
thrown [src/hotspot/share/prims/jni.cpp, line 516]
Event: 1,399 Thread 0x00007f3d340135b0 Exception <a 'java/io/FileNotFoundException'{0x00000007194dff68}> (0x00000007194dff68) 
thrown [src/hotspot/share/prims/jni.cpp, line 516]
Event: 1,457 Thread 0x00007f3d340135b0 Exception <a 'java/io/FileNotFoundException'{0x00000007189eda00}> (0x00000007189eda00) 
thrown [src/hotspot/share/prims/jni.cpp, line 516]
Event: 1,464 Thread 0x00007f3d340135b0 Exception <a 'java/io/FileNotFoundException'{0x0000000718687260}> (0x0000000718687260) 
thrown [src/hotspot/share/prims/jni.cpp, line 516]
Event: 1,659 Thread 0x00007f3d340135b0 Implicit null exception at 0x00007f3d24c4cdf7 to 0x00007f3d24c4d784
Event: 462,596 Thread 0x00007f3d340135b0 Exception <a 'java/lang/ClassFormatError'{0x0000000715a0e3f8}: Incompatible magic value 549429269 in class file java/util/stream/ReduceOps$5> (0x0000000715a0e3f8) 
thrown [src/hotspot/share/classfile/classFileError.cpp, line 49]
Event: 462,596 Thread 0x00007f3d340135b0 Exception <a 'java/lang/ClassFormatError'{0x0000000715a0ef90}: Incompatible magic value 0 in class file java/lang/StackTraceElement$HashedModules> (0x0000000715a0ef90) 
thrown [src/hotspot/share/classfile/classFileError.cpp, line 49]

VM Operations (20 events):
Event: 143,246 Executing VM operation: get/set locals done
Event: 143,246 Executing VM operation: get/set locals
Event: 143,246 Executing VM operation: get/set locals done
Event: 143,247 Executing VM operation: get/set locals
Event: 143,247 Executing VM operation: get/set locals done
Event: 143,247 Executing VM operation: get/set locals
Event: 143,247 Executing VM operation: get/set locals done
Event: 143,247 Executing VM operation: get/set locals
Event: 143,247 Executing VM operation: get/set locals done
Event: 143,247 Executing VM operation: get/set locals
Event: 143,247 Executing VM operation: get/set locals done
Event: 143,264 Executing VM operation: get/set locals
Event: 143,264 Executing VM operation: get/set locals done
Event: 143,264 Executing VM operation: get/set locals
Event: 143,264 Executing VM operation: get/set locals done
Event: 143,264 Executing VM operation: get/set locals
Event: 143,265 Executing VM operation: get/set locals done
Event: 143,265 Executing VM operation: get/set locals
Event: 143,265 Executing VM operation: get/set locals done
Event: 462,597 Executing VM operation: Exit

Events (20 events):
Event: 462,583 loading class jdk/internal/misc/Signal$1
Event: 462,583 loading class jdk/internal/misc/Signal$1 done
Event: 462,583 Thread 0x00007f3ce8000ec0 Thread added: 0x00007f3ce8000ec0
Event: 462,583 Protecting memory [0x00007f3d05bfb000,0x00007f3d05bff000] with protection modes 0
Event: 462,586 Thread 0x00007f3ce8001930 Thread added: 0x00007f3ce8001930
Event: 462,586 Protecting memory [0x00007f3d05afa000,0x00007f3d05afe000] with protection modes 0
Event: 462,593 loading class randsampFM/FeatureModel
Event: 462,593 loading class randsampFM/FeatureModel done
Event: 462,596 loading class java/util/stream/ReduceOps$5
Event: 462,596 loading class java/util/stream/ReduceOps$5 done
Event: 462,596 loading class java/lang/Throwable$WrappedPrintStream
Event: 462,596 loading class java/lang/Throwable$PrintStreamOrWriter
Event: 462,596 loading class java/lang/Throwable$PrintStreamOrWriter done
Event: 462,596 loading class java/lang/Throwable$WrappedPrintStream done
Event: 462,596 loading class java/lang/StackTraceElement$HashedModules
Event: 462,596 loading class java/lang/StackTraceElement$HashedModules done
Event: 462,597 Thread 0x00007f3d340135b0 Thread exited: 0x00007f3d340135b0
Event: 462,597 Protecting memory [0x00007f3d3b628000,0x00007f3d3b62c000] with protection modes 0
Event: 462,597 Thread 0x00007f3d340135b0 Thread added: 0x00007f3d340135b0
Event: 462,597 Thread 0x00007f3d3417b070 Thread exited: 0x00007f3d3417b070


Dynamic libraries:
70c600000-71ba00000 rw-p 00000000 00:00 0 
71ba00000-7ffc00000 ---p 00000000 00:00 0 
7ffc00000-7ffd00000 rw-p 00000000 00:00 0 
7ffd00000-7ffd77000 rw-p 00c9b000 00:39 8473007368281718103              /dd5d939a/java-17-openjdk-amd64/lib/server/classes.jsa
7ffd77000-7ffe00000 rw-p 00000000 00:00 0 
7ffe00000-7ffe82000 rw-p 00c19000 00:39 8473007368281718103              /dd5d939a/java-17-openjdk-amd64/lib/server/classes.jsa
7ffe82000-800000000 rw-p 00000000 00:00 0 
800000000-800458000 rw-p 00001000 00:39 8473007368281718103              /dd5d939a/java-17-openjdk-amd64/lib/server/classes.jsa
800458000-800be0000 rw-p 00459000 00:39 8473007368281718103              /dd5d939a/java-17-openjdk-amd64/lib/server/classes.jsa
800be0000-800c00000 ---p 00000000 00:00 0 
800c00000-800c40000 rw-p 00000000 00:00 0 
800c40000-800c70000 rw-p 00000000 00:00 0 
800c70000-800c80000 ---p 00000000 00:00 0 
800c80000-800f00000 rw-p 00000000 00:00 0 
800f00000-840c00000 ---p 00000000 00:00 0 
562a97387000-562a97388000 r--p 00000000 00:39 17307739023342726999       /dd5d939a/java-17-openjdk-amd64/bin/java
562a97388000-562a97389000 r-xp 00001000 00:39 17307739023342726999       /dd5d939a/java-17-openjdk-amd64/bin/java
562a97389000-562a9738a000 r--p 00002000 00:39 17307739023342726999       /dd5d939a/java-17-openjdk-amd64/bin/java
562a9738a000-562a9738b000 r--p 00002000 00:39 17307739023342726999       /dd5d939a/java-17-openjdk-amd64/bin/java
562a9738b000-562a9738c000 rw-p 00003000 00:39 17307739023342726999       /dd5d939a/java-17-openjdk-amd64/bin/java
562a97ca4000-562a97cc5000 rw-p 00000000 00:00 0                          [heap]
7f3c98000000-7f3c98021000 rw-p 00000000 00:00 0 
7f3c98021000-7f3c9c000000 ---p 00000000 00:00 0 
7f3ca0000000-7f3ca0021000 rw-p 00000000 00:00 0 
7f3ca0021000-7f3ca4000000 ---p 00000000 00:00 0 
7f3ca4000000-7f3ca4021000 rw-p 00000000 00:00 0 
7f3ca4021000-7f3ca8000000 ---p 00000000 00:00 0 
7f3ca8000000-7f3ca8021000 rw-p 00000000 00:00 0 
7f3ca8021000-7f3cac000000 ---p 00000000 00:00 0 
7f3cac000000-7f3cac021000 rw-p 00000000 00:00 0 
7f3cac021000-7f3cb0000000 ---p 00000000 00:00 0 
7f3cb0000000-7f3cb0021000 rw-p 00000000 00:00 0 
7f3cb0021000-7f3cb4000000 ---p 00000000 00:00 0 
7f3cb4000000-7f3cb4021000 rw-p 00000000 00:00 0 
7f3cb4021000-7f3cb8000000 ---p 00000000 00:00 0 
7f3cb8000000-7f3cb87a6000 rw-p 00000000 00:00 0 
7f3cb87a6000-7f3cbc000000 ---p 00000000 00:00 0 
7f3cbc000000-7f3cbd032000 rw-p 00000000 00:00 0 
7f3cbd032000-7f3cc0000000 ---p 00000000 00:00 0 
7f3cc0000000-7f3cc0021000 rw-p 00000000 00:00 0 
7f3cc0021000-7f3cc4000000 ---p 00000000 00:00 0 
7f3cc4000000-7f3cc4021000 rw-p 00000000 00:00 0 
7f3cc4021000-7f3cc8000000 ---p 00000000 00:00 0 
7f3cc8000000-7f3cc8021000 rw-p 00000000 00:00 0 
7f3cc8021000-7f3ccc000000 ---p 00000000 00:00 0 
7f3ccc000000-7f3ccc021000 rw-p 00000000 00:00 0 
7f3ccc021000-7f3cd0000000 ---p 00000000 00:00 0 
7f3cd0000000-7f3cd0021000 rw-p 00000000 00:00 0 
7f3cd0021000-7f3cd4000000 ---p 00000000 00:00 0 
7f3cd4000000-7f3cd4021000 rw-p 00000000 00:00 0 
7f3cd4021000-7f3cd8000000 ---p 00000000 00:00 0 
7f3cd8000000-7f3cd8563000 rw-p 00000000 00:00 0 
7f3cd8563000-7f3cdc000000 ---p 00000000 00:00 0 
7f3cdc000000-7f3cdc021000 rw-p 00000000 00:00 0 
7f3cdc021000-7f3ce0000000 ---p 00000000 00:00 0 
7f3ce0000000-7f3ce0021000 rw-p 00000000 00:00 0 
7f3ce0021000-7f3ce4000000 ---p 00000000 00:00 0 
7f3ce4000000-7f3ce59b7000 rw-p 00000000 00:00 0 
7f3ce59b7000-7f3ce8000000 ---p 00000000 00:00 0 
7f3ce8000000-7f3ce8021000 rw-p 00000000 00:00 0 
7f3ce8021000-7f3cec000000 ---p 00000000 00:00 0 
7f3cec000000-7f3cec021000 rw-p 00000000 00:00 0 
7f3cec021000-7f3cf0000000 ---p 00000000 00:00 0 
7f3cf0000000-7f3cf0021000 rw-p 00000000 00:00 0 
7f3cf0021000-7f3cf4000000 ---p 00000000 00:00 0 
7f3cf4000000-7f3cf4021000 rw-p 00000000 00:00 0 
7f3cf4021000-7f3cf8000000 ---p 00000000 00:00 0 
7f3cf8000000-7f3cf8021000 rw-p 00000000 00:00 0 
7f3cf8021000-7f3cfc000000 ---p 00000000 00:00 0 
7f3cfc000000-7f3cfc021000 rw-p 00000000 00:00 0 
7f3cfc021000-7f3d00000000 ---p 00000000 00:00 0 
7f3d00000000-7f3d00021000 rw-p 00000000 00:00 0 
7f3d00021000-7f3d04000000 ---p 00000000 00:00 0 
7f3d04af6000-7f3d04af7000 ---p 00000000 00:00 0 
7f3d04af7000-7f3d04bf8000 rw-p 00000000 00:00 0 
7f3d04bf8000-7f3d04bf9000 ---p 00000000 00:00 0 
7f3d04bf9000-7f3d04cfa000 rw-p 00000000 00:00 0 
7f3d04cfa000-7f3d04cfb000 ---p 00000000 00:00 0 
7f3d04cfb000-7f3d04dfc000 rw-p 00000000 00:00 0 
7f3d04dfc000-7f3d04dfd000 ---p 00000000 00:00 0 
7f3d04dfd000-7f3d04efe000 rw-p 00000000 00:00 0 
7f3d04efe000-7f3d04eff000 ---p 00000000 00:00 0 
7f3d04eff000-7f3d05450000 rw-p 00000000 00:00 0 
7f3d05450000-7f3d05800000 ---p 00000000 00:00 0 
7f3d05874000-7f3d05875000 ---p 00000000 00:00 0 
7f3d05875000-7f3d05976000 rw-p 00000000 00:00 0 
7f3d05976000-7f3d05977000 ---p 00000000 00:00 0 
7f3d05977000-7f3d05a78000 rw-p 00000000 00:00 0 
7f3d05afa000-7f3d05afe000 ---p 00000000 00:00 0 
7f3d05afe000-7f3d05bfb000 rw-p 00000000 00:00 0 
7f3d05bfb000-7f3d05bff000 ---p 00000000 00:00 0 
7f3d05bff000-7f3d05cfc000 rw-p 00000000 00:00 0 
7f3d05cfc000-7f3d05d00000 ---p 00000000 00:00 0 
7f3d05d00000-7f3d05dfd000 rw-p 00000000 00:00 0 
7f3d05dfd000-7f3d05dfe000 ---p 00000000 00:00 0 
7f3d05dfe000-7f3d05eff000 rw-p 00000000 00:00 0 
7f3d05eff000-7f3d05f03000 ---p 00000000 00:00 0 
7f3d05f03000-7f3d08000000 rw-p 00000000 00:00 0 
7f3d08000000-7f3d08021000 rw-p 00000000 00:00 0 
7f3d08021000-7f3d0c000000 ---p 00000000 00:00 0 
7f3d0c000000-7f3d0c021000 rw-p 00000000 00:00 0 
7f3d0c021000-7f3d10000000 ---p 00000000 00:00 0 
7f3d10000000-7f3d10021000 rw-p 00000000 00:00 0 
7f3d10021000-7f3d14000000 ---p 00000000 00:00 0 
7f3d1400f000-7f3d14013000 ---p 00000000 00:00 0 
7f3d14013000-7f3d14110000 rw-p 00000000 00:00 0 
7f3d14110000-7f3d14114000 ---p 00000000 00:00 0 
7f3d14114000-7f3d14211000 rw-p 00000000 00:00 0 
7f3d14211000-7f3d14215000 ---p 00000000 00:00 0 
7f3d14215000-7f3d14312000 rw-p 00000000 00:00 0 
7f3d14312000-7f3d14316000 ---p 00000000 00:00 0 
7f3d14316000-7f3d14413000 rw-p 00000000 00:00 0 
7f3d14413000-7f3d14c00000 r--p 00000000 103:02 3145856                   /usr/lib/locale/locale-archive
7f3d14c00000-7f3d14d90000 rw-p 00000000 00:00 0 
7f3d14d90000-7f3d15000000 ---p 00000000 00:00 0 
7f3d15000000-7f3d15400000 rw-p 00000000 00:00 0 
7f3d1541a000-7f3d15440000 r--p 00000000 103:02 4461225                   /usr/share/locale-langpack/fr/LC_MESSAGES/libc.mo
7f3d15440000-7f3d15471000 rw-p 00000000 00:00 0 
7f3d15471000-7f3d15475000 ---p 00000000 00:00 0 
7f3d15475000-7f3d15572000 rw-p 00000000 00:00 0 
7f3d15572000-7f3d15576000 ---p 00000000 00:00 0 
7f3d15576000-7f3d15673000 rw-p 00000000 00:00 0 
7f3d15673000-7f3d15677000 ---p 00000000 00:00 0 
7f3d15677000-7f3d15b44000 rw-p 00000000 00:00 0 
7f3d15b44000-7f3d1944c000 ---p 00000000 00:00 0 
7f3d1944c000-7f3d1982c000 rw-p 00000000 00:00 0 
7f3d1982c000-7f3d1d134000 ---p 00000000 00:00 0 
7f3d1d134000-7f3d1d144000 rw-p 00000000 00:00 0 
7f3d1d144000-7f3d1d3b4000 rwxp 00000000 00:00 0 
7f3d1d3b4000-7f3d1d6d6000 ---p 00000000 00:00 0 
7f3d1d6d6000-7f3d1da76000 rwxp 00000000 00:00 0 
7f3d1da76000-7f3d24c0d000 ---p 00000000 00:00 0 
7f3d24c0d000-7f3d24e7d000 rwxp 00000000 00:00 0 
7f3d24e7d000-7f3d2c144000 ---p 00000000 00:00 0 
7f3d2c144000-7f3d34000000 r--s 00000000 00:39 10479261037895202530       /dd5d939a/java-17-openjdk-amd64/lib/modules
7f3d34000000-7f3d34846000 rw-p 00000000 00:00 0 
7f3d34846000-7f3d38000000 ---p 00000000 00:00 0 
7f3d3800d000-7f3d38011000 r--p 00000000 00:39 14434589729498883033       /dd5d939a/java-17-openjdk-amd64/lib/libverify.so
7f3d38011000-7f3d38018000 r-xp 00004000 00:39 14434589729498883033       /dd5d939a/java-17-openjdk-amd64/lib/libverify.so
7f3d38018000-7f3d3801a000 r--p 0000b000 00:39 14434589729498883033       /dd5d939a/java-17-openjdk-amd64/lib/libverify.so
7f3d3801a000-7f3d3801b000 ---p 0000d000 00:39 14434589729498883033       /dd5d939a/java-17-openjdk-amd64/lib/libverify.so
7f3d3801b000-7f3d3801d000 r--p 0000d000 00:39 14434589729498883033       /dd5d939a/java-17-openjdk-amd64/lib/libverify.so
7f3d3801d000-7f3d3801e000 rw-p 0000f000 00:39 14434589729498883033       /dd5d939a/java-17-openjdk-amd64/lib/libverify.so
7f3d3801e000-7f3d38022000 r--p 00000000 00:39 12655478069431282533       /dd5d939a/java-17-openjdk-amd64/lib/libnet.so
7f3d38022000-7f3d38030000 r-xp 00004000 00:39 12655478069431282533       /dd5d939a/java-17-openjdk-amd64/lib/libnet.so
7f3d38030000-7f3d38034000 r--p 00012000 00:39 12655478069431282533       /dd5d939a/java-17-openjdk-amd64/lib/libnet.so
7f3d38034000-7f3d38035000 r--p 00015000 00:39 12655478069431282533       /dd5d939a/java-17-openjdk-amd64/lib/libnet.so
7f3d38035000-7f3d38036000 rw-p 00016000 00:39 12655478069431282533       /dd5d939a/java-17-openjdk-amd64/lib/libnet.so
7f3d38036000-7f3d3803c000 r--p 00000000 00:39 15291360021476902004       /dd5d939a/java-17-openjdk-amd64/lib/libnio.so
7f3d3803c000-7f3d38045000 r-xp 00006000 00:39 15291360021476902004       /dd5d939a/java-17-openjdk-amd64/lib/libnio.so
7f3d38045000-7f3d38049000 r--p 0000f000 00:39 15291360021476902004       /dd5d939a/java-17-openjdk-amd64/lib/libnio.so
7f3d38049000-7f3d3804a000 ---p 00013000 00:39 15291360021476902004       /dd5d939a/java-17-openjdk-amd64/lib/libnio.so
7f3d3804a000-7f3d3804b000 r--p 00013000 00:39 15291360021476902004       /dd5d939a/java-17-openjdk-amd64/lib/libnio.so
7f3d3804b000-7f3d3804c000 rw-p 00014000 00:39 15291360021476902004       /dd5d939a/java-17-openjdk-amd64/lib/libnio.so
7f3d3804c000-7f3d3804d000 r--p 00000000 00:39 8837891621201808827        /dd5d939a/java-17-openjdk-amd64/lib/libdt_socket.so
7f3d3804d000-7f3d38050000 r-xp 00001000 00:39 8837891621201808827        /dd5d939a/java-17-openjdk-amd64/lib/libdt_socket.so
7f3d38050000-7f3d38051000 r--p 00004000 00:39 8837891621201808827        /dd5d939a/java-17-openjdk-amd64/lib/libdt_socket.so
7f3d38051000-7f3d38052000 ---p 00005000 00:39 8837891621201808827        /dd5d939a/java-17-openjdk-amd64/lib/libdt_socket.so
7f3d38052000-7f3d38053000 r--p 00005000 00:39 8837891621201808827        /dd5d939a/java-17-openjdk-amd64/lib/libdt_socket.so
7f3d38053000-7f3d38054000 rw-p 00006000 00:39 8837891621201808827        /dd5d939a/java-17-openjdk-amd64/lib/libdt_socket.so
7f3d38054000-7f3d38058000 ---p 00000000 00:00 0 
7f3d38058000-7f3d38155000 rw-p 00000000 00:00 0 
7f3d38155000-7f3d38159000 ---p 00000000 00:00 0 
7f3d38159000-7f3d38256000 rw-p 00000000 00:00 0 
7f3d38256000-7f3d3825a000 ---p 00000000 00:00 0 
7f3d3825a000-7f3d38357000 rw-p 00000000 00:00 0 
7f3d38357000-7f3d3835b000 ---p 00000000 00:00 0 
7f3d3835b000-7f3d38458000 rw-p 00000000 00:00 0 
7f3d38458000-7f3d38459000 ---p 00000000 00:00 0 
7f3d38459000-7f3d3855a000 rw-p 00000000 00:00 0 
7f3d3855a000-7f3d3855f000 r--p 00000000 00:39 12409998398573227601       /dd5d939a/java-17-openjdk-amd64/lib/libjsvml.so
7f3d3855f000-7f3d385a0000 r-xp 00005000 00:39 12409998398573227601       /dd5d939a/java-17-openjdk-amd64/lib/libjsvml.so
7f3d385a0000-7f3d38629000 r--p 00046000 00:39 12409998398573227601       /dd5d939a/java-17-openjdk-amd64/lib/libjsvml.so
7f3d38629000-7f3d3862a000 r--p 000ce000 00:39 12409998398573227601       /dd5d939a/java-17-openjdk-amd64/lib/libjsvml.so
7f3d3862a000-7f3d3862b000 rw-p 000cf000 00:39 12409998398573227601       /dd5d939a/java-17-openjdk-amd64/lib/libjsvml.so
7f3d3862b000-7f3d38748000 rw-p 00000000 00:00 0 
7f3d38748000-7f3d38749000 ---p 00000000 00:00 0 
7f3d38749000-7f3d3884a000 rw-p 00000000 00:00 0 
7f3d3884a000-7f3d3884b000 ---p 00000000 00:00 0 
7f3d3884b000-7f3d39154000 rw-p 00000000 00:00 0 
7f3d39154000-7f3d39155000 ---p 00000000 00:00 0 
7f3d39155000-7f3d39256000 rw-p 00000000 00:00 0 
7f3d39256000-7f3d39257000 ---p 00000000 00:00 0 
7f3d39257000-7f3d39358000 rw-p 00000000 00:00 0 
7f3d39358000-7f3d39359000 ---p 00000000 00:00 0 
7f3d39359000-7f3d39552000 rw-p 00000000 00:00 0 
7f3d39552000-7f3d39c73000 ---p 00000000 00:00 0 
7f3d39c73000-7f3d39cef000 rw-p 00000000 00:00 0 
7f3d39cef000-7f3d3a410000 ---p 00000000 00:00 0 
7f3d3a410000-7f3d3a48c000 rw-p 00000000 00:00 0 
7f3d3a48c000-7f3d3abad000 ---p 00000000 00:00 0 
7f3d3abad000-7f3d3b3bc000 rw-p 00000000 00:00 0 
7f3d3b3bc000-7f3d3b4a2000 ---p 00000000 00:00 0 
7f3d3b4a2000-7f3d3b4aa000 rw-p 00000000 00:00 0 
7f3d3b4aa000-7f3d3b58d000 ---p 00000000 00:00 0 
7f3d3b58d000-7f3d3b599000 r--p 00000000 00:39 3007883923345228068        /dd5d939a/java-17-openjdk-amd64/lib/libjava.so
7f3d3b599000-7f3d3b5ac000 r-xp 0000c000 00:39 3007883923345228068        /dd5d939a/java-17-openjdk-amd64/lib/libjava.so
7f3d3b5ac000-7f3d3b5b2000 r--p 0001f000 00:39 3007883923345228068        /dd5d939a/java-17-openjdk-amd64/lib/libjava.so
7f3d3b5b2000-7f3d3b5b3000 ---p 00025000 00:39 3007883923345228068        /dd5d939a/java-17-openjdk-amd64/lib/libjava.so
7f3d3b5b3000-7f3d3b5b4000 r--p 00025000 00:39 3007883923345228068        /dd5d939a/java-17-openjdk-amd64/lib/libjava.so
7f3d3b5b4000-7f3d3b5b5000 rw-p 00026000 00:39 3007883923345228068        /dd5d939a/java-17-openjdk-amd64/lib/libjava.so
7f3d3b5b5000-7f3d3b5b6000 rw-p 00000000 00:00 0 
7f3d3b5b6000-7f3d3b5b9000 r--p 00000000 103:02 3148664                   /usr/lib/x86_64-linux-gnu/libnss_files-2.31.so
7f3d3b5b9000-7f3d3b5c0000 r-xp 00003000 103:02 3148664                   /usr/lib/x86_64-linux-gnu/libnss_files-2.31.so
7f3d3b5c0000-7f3d3b5c2000 r--p 0000a000 103:02 3148664                   /usr/lib/x86_64-linux-gnu/libnss_files-2.31.so
7f3d3b5c2000-7f3d3b5c3000 r--p 0000b000 103:02 3148664                   /usr/lib/x86_64-linux-gnu/libnss_files-2.31.so
7f3d3b5c3000-7f3d3b5c4000 rw-p 0000c000 103:02 3148664                   /usr/lib/x86_64-linux-gnu/libnss_files-2.31.so
7f3d3b5c4000-7f3d3b5ca000 rw-p 00000000 00:00 0 
7f3d3b5cf000-7f3d3b5d4000 rw-p 00000000 00:00 0 
7f3d3b5d4000-7f3d3b5db000 ---p 00000000 00:00 0 
7f3d3b5db000-7f3d3b5dd000 r--p 00000000 00:39 5267387811562865001        /dd5d939a/java-17-openjdk-amd64/lib/libzip.so
7f3d3b5dd000-7f3d3b5e2000 r-xp 00002000 00:39 5267387811562865001        /dd5d939a/java-17-openjdk-amd64/lib/libzip.so
7f3d3b5e2000-7f3d3b5e4000 r--p 00007000 00:39 5267387811562865001        /dd5d939a/java-17-openjdk-amd64/lib/libzip.so
7f3d3b5e4000-7f3d3b5e5000 r--p 00008000 00:39 5267387811562865001        /dd5d939a/java-17-openjdk-amd64/lib/libzip.so
7f3d3b5e5000-7f3d3b5e6000 rw-p 00009000 00:39 5267387811562865001        /dd5d939a/java-17-openjdk-amd64/lib/libzip.so
7f3d3b5e6000-7f3d3b5e9000 r--p 00000000 00:39 4094593057390090953        /dd5d939a/java-17-openjdk-amd64/lib/libjdwp.so
7f3d3b5e9000-7f3d3b616000 r-xp 00003000 00:39 4094593057390090953        /dd5d939a/java-17-openjdk-amd64/lib/libjdwp.so
7f3d3b616000-7f3d3b624000 r--p 00030000 00:39 4094593057390090953        /dd5d939a/java-17-openjdk-amd64/lib/libjdwp.so
7f3d3b624000-7f3d3b625000 ---p 0003e000 00:39 4094593057390090953        /dd5d939a/java-17-openjdk-amd64/lib/libjdwp.so
7f3d3b625000-7f3d3b626000 r--p 0003e000 00:39 4094593057390090953        /dd5d939a/java-17-openjdk-amd64/lib/libjdwp.so
7f3d3b626000-7f3d3b627000 rw-p 0003f000 00:39 4094593057390090953        /dd5d939a/java-17-openjdk-amd64/lib/libjdwp.so
7f3d3b627000-7f3d3b628000 rw-p 00000000 00:00 0 
7f3d3b628000-7f3d3b62c000 ---p 00000000 00:00 0 
7f3d3b62c000-7f3d3b729000 rw-p 00000000 00:00 0 
7f3d3b729000-7f3d3b72c000 r--p 00000000 103:02 3150670                   /usr/lib/x86_64-linux-gnu/libgcc_s.so.1
7f3d3b72c000-7f3d3b73e000 r-xp 00003000 103:02 3150670                   /usr/lib/x86_64-linux-gnu/libgcc_s.so.1
7f3d3b73e000-7f3d3b742000 r--p 00015000 103:02 3150670                   /usr/lib/x86_64-linux-gnu/libgcc_s.so.1
7f3d3b742000-7f3d3b743000 r--p 00018000 103:02 3150670                   /usr/lib/x86_64-linux-gnu/libgcc_s.so.1
7f3d3b743000-7f3d3b744000 rw-p 00019000 103:02 3150670                   /usr/lib/x86_64-linux-gnu/libgcc_s.so.1
7f3d3b744000-7f3d3b751000 r--p 00000000 103:02 3148658                   /usr/lib/x86_64-linux-gnu/libm-2.31.so
7f3d3b751000-7f3d3b7f8000 r-xp 0000d000 103:02 3148658                   /usr/lib/x86_64-linux-gnu/libm-2.31.so
7f3d3b7f8000-7f3d3b891000 r--p 000b4000 103:02 3148658                   /usr/lib/x86_64-linux-gnu/libm-2.31.so
7f3d3b891000-7f3d3b892000 r--p 0014c000 103:02 3148658                   /usr/lib/x86_64-linux-gnu/libm-2.31.so
7f3d3b892000-7f3d3b893000 rw-p 0014d000 103:02 3148658                   /usr/lib/x86_64-linux-gnu/libm-2.31.so
7f3d3b893000-7f3d3b929000 r--p 00000000 103:02 3150673                   /usr/lib/x86_64-linux-gnu/libstdc++.so.6.0.28
7f3d3b929000-7f3d3ba1a000 r-xp 00096000 103:02 3150673                   /usr/lib/x86_64-linux-gnu/libstdc++.so.6.0.28
7f3d3ba1a000-7f3d3ba63000 r--p 00187000 103:02 3150673                   /usr/lib/x86_64-linux-gnu/libstdc++.so.6.0.28
7f3d3ba63000-7f3d3ba64000 ---p 001d0000 103:02 3150673                   /usr/lib/x86_64-linux-gnu/libstdc++.so.6.0.28
7f3d3ba64000-7f3d3ba6f000 r--p 001d0000 103:02 3150673                   /usr/lib/x86_64-linux-gnu/libstdc++.so.6.0.28
7f3d3ba6f000-7f3d3ba72000 rw-p 001db000 103:02 3150673                   /usr/lib/x86_64-linux-gnu/libstdc++.so.6.0.28
7f3d3ba72000-7f3d3ba75000 rw-p 00000000 00:00 0 
7f3d3ba75000-7f3d3bcc5000 r--p 00000000 00:39 3657986319797499783        /dd5d939a/java-17-openjdk-amd64/lib/server/libjvm.so
7f3d3bcc5000-7f3d3ca4b000 r-xp 00250000 00:39 3657986319797499783        /dd5d939a/java-17-openjdk-amd64/lib/server/libjvm.so
7f3d3ca4b000-7f3d3ccd0000 r--p 00fd6000 00:39 3657986319797499783        /dd5d939a/java-17-openjdk-amd64/lib/server/libjvm.so
7f3d3ccd0000-7f3d3ccd1000 ---p 0125b000 00:39 3657986319797499783        /dd5d939a/java-17-openjdk-amd64/lib/server/libjvm.so
7f3d3ccd1000-7f3d3cd89000 r--p 0125b000 00:39 3657986319797499783        /dd5d939a/java-17-openjdk-amd64/lib/server/libjvm.so
7f3d3cd89000-7f3d3cdbd000 rw-p 01313000 00:39 3657986319797499783        /dd5d939a/java-17-openjdk-amd64/lib/server/libjvm.so
7f3d3cdbd000-7f3d3ce19000 rw-p 00000000 00:00 0 
7f3d3ce19000-7f3d3ce1f000 r--p 00000000 103:02 3148669                   /usr/lib/x86_64-linux-gnu/libpthread-2.31.so
7f3d3ce1f000-7f3d3ce30000 r-xp 00006000 103:02 3148669                   /usr/lib/x86_64-linux-gnu/libpthread-2.31.so
7f3d3ce30000-7f3d3ce36000 r--p 00017000 103:02 3148669                   /usr/lib/x86_64-linux-gnu/libpthread-2.31.so
7f3d3ce36000-7f3d3ce37000 r--p 0001c000 103:02 3148669                   /usr/lib/x86_64-linux-gnu/libpthread-2.31.so
7f3d3ce37000-7f3d3ce38000 rw-p 0001d000 103:02 3148669                   /usr/lib/x86_64-linux-gnu/libpthread-2.31.so
7f3d3ce38000-7f3d3ce3c000 rw-p 00000000 00:00 0 
7f3d3ce3c000-7f3d3ce3d000 r--p 00000000 103:02 3148351                   /usr/lib/x86_64-linux-gnu/libdl-2.31.so
7f3d3ce3d000-7f3d3ce3f000 r-xp 00001000 103:02 3148351                   /usr/lib/x86_64-linux-gnu/libdl-2.31.so
7f3d3ce3f000-7f3d3ce40000 r--p 00003000 103:02 3148351                   /usr/lib/x86_64-linux-gnu/libdl-2.31.so
7f3d3ce40000-7f3d3ce41000 r--p 00003000 103:02 3148351                   /usr/lib/x86_64-linux-gnu/libdl-2.31.so
7f3d3ce41000-7f3d3ce42000 rw-p 00004000 103:02 3148351                   /usr/lib/x86_64-linux-gnu/libdl-2.31.so
7f3d3ce42000-7f3d3ce44000 r--p 00000000 103:02 3149390                   /usr/lib/x86_64-linux-gnu/libz.so.1.2.11
7f3d3ce44000-7f3d3ce55000 r-xp 00002000 103:02 3149390                   /usr/lib/x86_64-linux-gnu/libz.so.1.2.11
7f3d3ce55000-7f3d3ce5b000 r--p 00013000 103:02 3149390                   /usr/lib/x86_64-linux-gnu/libz.so.1.2.11
7f3d3ce5b000-7f3d3ce5c000 ---p 00019000 103:02 3149390                   /usr/lib/x86_64-linux-gnu/libz.so.1.2.11
7f3d3ce5c000-7f3d3ce5d000 r--p 00019000 103:02 3149390                   /usr/lib/x86_64-linux-gnu/libz.so.1.2.11
7f3d3ce5d000-7f3d3ce5e000 rw-p 0001a000 103:02 3149390                   /usr/lib/x86_64-linux-gnu/libz.so.1.2.11
7f3d3ce5e000-7f3d3ce80000 r--p 00000000 103:02 3148350                   /usr/lib/x86_64-linux-gnu/libc-2.31.so
7f3d3ce80000-7f3d3cff8000 r-xp 00022000 103:02 3148350                   /usr/lib/x86_64-linux-gnu/libc-2.31.so
7f3d3cff8000-7f3d3d046000 r--p 0019a000 103:02 3148350                   /usr/lib/x86_64-linux-gnu/libc-2.31.so
7f3d3d046000-7f3d3d04a000 r--p 001e7000 103:02 3148350                   /usr/lib/x86_64-linux-gnu/libc-2.31.so
7f3d3d04a000-7f3d3d04c000 rw-p 001eb000 103:02 3148350                   /usr/lib/x86_64-linux-gnu/libc-2.31.so
7f3d3d04c000-7f3d3d050000 rw-p 00000000 00:00 0 
7f3d3d050000-7f3d3d057000 r--s 00000000 103:02 3807599                   /usr/lib/x86_64-linux-gnu/gconv/gconv-modules.cache
7f3d3d057000-7f3d3d059000 r--s 0000c000 103:02 4073870                   /usr/share/java/java-atk-wrapper.jar
7f3d3d059000-7f3d3d061000 rw-s 00000000 103:02 47974941                  /tmp/hsperfdata_erwan/11693 (deleted)
7f3d3d061000-7f3d3d062000 ---p 00000000 00:00 0 
7f3d3d062000-7f3d3d063000 r--p 00000000 00:00 0 
7f3d3d063000-7f3d3d065000 r--p 00000000 00:39 14699563487607429332       /dd5d939a/java-17-openjdk-amd64/lib/libjimage.so
7f3d3d065000-7f3d3d068000 r-xp 00002000 00:39 14699563487607429332       /dd5d939a/java-17-openjdk-amd64/lib/libjimage.so
7f3d3d068000-7f3d3d069000 r--p 00005000 00:39 14699563487607429332       /dd5d939a/java-17-openjdk-amd64/lib/libjimage.so
7f3d3d069000-7f3d3d06a000 ---p 00006000 00:39 14699563487607429332       /dd5d939a/java-17-openjdk-amd64/lib/libjimage.so
7f3d3d06a000-7f3d3d06b000 r--p 00006000 00:39 14699563487607429332       /dd5d939a/java-17-openjdk-amd64/lib/libjimage.so
7f3d3d06b000-7f3d3d06c000 rw-p 00007000 00:39 14699563487607429332       /dd5d939a/java-17-openjdk-amd64/lib/libjimage.so
7f3d3d06c000-7f3d3d06e000 r--p 00000000 00:39 16283107395456761625       /dd5d939a/java-17-openjdk-amd64/lib/libjli.so
7f3d3d06e000-7f3d3d078000 r-xp 00002000 00:39 16283107395456761625       /dd5d939a/java-17-openjdk-amd64/lib/libjli.so
7f3d3d078000-7f3d3d07b000 r--p 0000c000 00:39 16283107395456761625       /dd5d939a/java-17-openjdk-amd64/lib/libjli.so
7f3d3d07b000-7f3d3d07c000 ---p 0000f000 00:39 16283107395456761625       /dd5d939a/java-17-openjdk-amd64/lib/libjli.so
7f3d3d07c000-7f3d3d07d000 r--p 0000f000 00:39 16283107395456761625       /dd5d939a/java-17-openjdk-amd64/lib/libjli.so
7f3d3d07d000-7f3d3d07e000 rw-p 00010000 00:39 16283107395456761625       /dd5d939a/java-17-openjdk-amd64/lib/libjli.so
7f3d3d07e000-7f3d3d080000 rw-p 00000000 00:00 0 
7f3d3d080000-7f3d3d081000 r--p 00000000 103:02 3148346                   /usr/lib/x86_64-linux-gnu/ld-2.31.so
7f3d3d081000-7f3d3d0a4000 r-xp 00001000 103:02 3148346                   /usr/lib/x86_64-linux-gnu/ld-2.31.so
7f3d3d0a4000-7f3d3d0ac000 r--p 00024000 103:02 3148346                   /usr/lib/x86_64-linux-gnu/ld-2.31.so
7f3d3d0ac000-7f3d3d0ad000 ---p 00000000 00:00 0 
7f3d3d0ad000-7f3d3d0ae000 r--p 0002c000 103:02 3148346                   /usr/lib/x86_64-linux-gnu/ld-2.31.so
7f3d3d0ae000-7f3d3d0af000 rw-p 0002d000 103:02 3148346                   /usr/lib/x86_64-linux-gnu/ld-2.31.so
7f3d3d0af000-7f3d3d0b0000 rw-p 00000000 00:00 0 
7ffcccc1a000-7ffcccc3b000 rw-p 00000000 00:00 0                          [stack]
7ffcccc87000-7ffcccc8b000 r--p 00000000 00:00 0                          [vvar]
7ffcccc8b000-7ffcccc8d000 r-xp 00000000 00:00 0                          [vdso]
ffffffffff600000-ffffffffff601000 --xp 00000000 00:00 0                  [vsyscall]


VM Arguments:
jvm_args: -XX:+ShowCodeDetailsInExceptionMessages -agentlib:jdwp=transport=dt_socket,suspend=y,address=localhost:36319 -Dfile.encoding=UTF-8 
java_command: randsampFM.Main
java_class_path (initial): /home/erwan/Nextcloud/Cours/L3/2ème Semestre/Stage/RandSampFeatureModel/target/classes:/home/erwan/Nextcloud/Cours/L3/2ème Semestre/Stage/RandSampFeatureModel/lib/uvl-parser-0.1.0-SNAPSHOT-standalone.jar
Launcher Type: SUN_STANDARD

[Global flags]
     intx CICompilerCount                          = 4                                         {product} {ergonomic}
     uint ConcGCThreads                            = 2                                         {product} {ergonomic}
     uint G1ConcRefinementThreads                  = 8                                         {product} {ergonomic}
   size_t G1HeapRegionSize                         = 2097152                                   {product} {ergonomic}
    uintx GCDrainStackTargetSize                   = 64                                        {product} {ergonomic}
   size_t InitialHeapSize                          = 255852544                                 {product} {ergonomic}
   size_t MarkStackSize                            = 4194304                                   {product} {ergonomic}
   size_t MaxHeapSize                              = 4087349248                                {product} {ergonomic}
   size_t MaxNewSize                               = 2451570688                                {product} {ergonomic}
   size_t MinHeapDeltaBytes                        = 2097152                                   {product} {ergonomic}
   size_t MinHeapSize                              = 8388608                                   {product} {ergonomic}
    uintx NonNMethodCodeHeapSize                   = 5839372                                {pd product} {ergonomic}
    uintx NonProfiledCodeHeapSize                  = 122909434                              {pd product} {ergonomic}
    uintx ProfiledCodeHeapSize                     = 122909434                              {pd product} {ergonomic}
    uintx ReservedCodeCacheSize                    = 251658240                              {pd product} {ergonomic}
     bool SegmentedCodeCache                       = true                                      {product} {ergonomic}
     bool ShowCodeDetailsInExceptionMessages       = true                                   {manageable} {command line}
   size_t SoftMaxHeapSize                          = 4087349248                             {manageable} {ergonomic}
     bool UseCompressedClassPointers               = true                           {product lp64_product} {ergonomic}
     bool UseCompressedOops                        = true                           {product lp64_product} {ergonomic}
     bool UseG1GC                                  = true                                      {product} {ergonomic}

Logging:
Log output configuration:
 #0: 
[error occurred during error reporting (printing log configuration), id 0xb, SIGSEGV (0xb) at pc=0x00007f3d3c514f59]

Environment Variables:
PATH=/home/erwan/.local/bin:/usr/local/sbin:/usr/local/bin:/usr/sbin:/usr/bin:/sbin:/bin:/usr/games:/usr/local/games:/snap/bin
SHELL=/bin/bash
DISPLAY=:0
LANG=fr_FR.UTF-8

Signal Handlers:
   SIGSEGV: 0x00007f3d3c9c9920 in libjvm.so+16075040, mask=11100100010111111101111111111110, flags=SA_RESTART|SA_SIGINFO
    SIGBUS: 0x00007f3d3c9c9920 in libjvm.so+16075040, mask=11100100010111111101111111111110, flags=SA_RESTART|SA_SIGINFO
    SIGFPE: 0x00007f3d3c9c9920 in libjvm.so+16075040, mask=11100100010111111101111111111110, flags=SA_RESTART|SA_SIGINFO
   SIGPIPE: 0x00007f3d3c86be50 in libjvm.so+14642768, mask=11100100010111111101111111111110, flags=SA_RESTART|SA_SIGINFO
  *** Handler was modified!
  *** Expected: 0x00007f3d34003540, mask=00001011000100000000000000111111, flags=SA_RESTART|SA_SIGINFO
   SIGXFSZ: 0x00007f3d3c86be50 in libjvm.so+14642768, mask=11100100010111111101111111111110, flags=SA_RESTART|SA_SIGINFO
  *** Handler was modified!
  *** Expected: 0x00007f3d341b2c50, mask=00000001000000000000000000101100, flags=SA_RESTART|SA_SIGINFO
    SIGILL: 0x00007f3d3c9c9920 in libjvm.so+16075040, mask=11100100010111111101111111111110, flags=SA_RESTART|SA_SIGINFO
   SIGUSR2: 0x00007f3d3c86b4c0 in libjvm.so+14640320, mask=00000000000000000000000000000000, flags=SA_RESTART|SA_SIGINFO
  *** Handler was modified!
  *** Expected: 0x00007f3d34003660, mask=00001011000100000000000000111111, flags=SA_RESTART|SA_SIGINFO
    SIGHUP: 0x00007f3d3c86b400 in libjvm.so+14640128, mask=11100100010111111101111111111110, flags=SA_RESTART|SA_SIGINFO
    SIGINT: 0x00007f3d3c86b400 in libjvm.so+14640128, mask=11100100010111111101111111111110, flags=SA_RESTART|SA_SIGINFO
   SIGTERM: 0x00007f3d3c86b400 in libjvm.so+14640128, mask=11100100010111111101111111111110, flags=SA_RESTART|SA_SIGINFO
   SIGQUIT: 0x00007f3d3c86b400 in libjvm.so+14640128, mask=11100100010111111101111111111110, flags=SA_RESTART|SA_SIGINFO
  *** Handler was modified!
  *** Expected: SIG_DFL, mask=00001011000100000000000000111111, flags=SA_RESTART|SA_SIGINFO
   SIGTRAP: 0x00007f3d3c9c9920 in libjvm.so+16075040, mask=11100100010111111101111111111110, flags=SA_RESTART|SA_SIGINFO


---------------  S Y S T E M  ---------------

OS:
DISTRIB_ID=LinuxMint
DISTRIB_RELEASE=20.3
DISTRIB_CODENAME=una
DISTRIB_DESCRIPTION="Linux Mint 20.3 Una"
uname: Linux 5.13.0-40-generic #45~20.04.1-Ubuntu SMP Mon Apr 4 09:38:31 UTC 2022 x86_64
OS uptime: 0 days 1:13 hours
libc: glibc 2.31 NPTL 2.31 
rlimit (soft/hard): STACK 8192k/infinity , CORE 0k/infinity , NPROC 61875/61875 , NOFILE 1048576/1048576 , AS infinity/infinity , CPU infinity/infinity , DATA infinity/infinity , FSIZE infinity/infinity , MEMLOCK 65536k/65536k
load average: 0,49 0,84 1,14

/proc/meminfo:
MemTotal:       15958064 kB
MemFree:         9254620 kB
MemAvailable:   13976808 kB
Buffers:          306632 kB
Cached:          4683760 kB
SwapCached:            0 kB
Active:          1427096 kB
Inactive:        4519928 kB
Active(anon):       5044 kB
Inactive(anon):  1177100 kB
Active(file):    1422052 kB
Inactive(file):  3342828 kB
Unevictable:      206300 kB
Mlocked:              32 kB
SwapTotal:       2097148 kB
SwapFree:        2097148 kB
Dirty:              1196 kB
Writeback:             0 kB
AnonPages:       1159284 kB
Mapped:           260800 kB
Shmem:            225512 kB
KReclaimable:     300084 kB
Slab:             459920 kB
SReclaimable:     300084 kB
SUnreclaim:       159836 kB
KernelStack:        4984 kB
PageTables:         8356 kB
NFS_Unstable:          0 kB
Bounce:                0 kB
WritebackTmp:          0 kB
CommitLimit:    10076180 kB
Committed_AS:    2272392 kB
VmallocTotal:   34359738367 kB
VmallocUsed:       28060 kB
VmallocChunk:          0 kB
Percpu:             6656 kB
HardwareCorrupted:     0 kB
AnonHugePages:         0 kB
ShmemHugePages:        0 kB
ShmemPmdMapped:        0 kB
FileHugePages:         0 kB
FilePmdMapped:         0 kB
HugePages_Total:       0
HugePages_Free:        0
HugePages_Rsvd:        0
HugePages_Surp:        0
Hugepagesize:       2048 kB
Hugetlb:               0 kB
DirectMap4k:      341720 kB
DirectMap2M:    11808768 kB
DirectMap1G:     5242880 kB

/sys/kernel/mm/transparent_hugepage/enabled: always [madvise] never
/sys/kernel/mm/transparent_hugepage/defrag (defrag/compaction efforts parameter): always defer defer+madvise [madvise] never

Process Memory:
Virtual Size: 7678808K (peak: 7744192K)
Resident Set Size: 199272K (peak: 216340K) (anon: 169952K, file: 29320K, shmem: 0K)
Swapped out: 0K
C-Heap outstanding allocations: 5626K

/proc/sys/kernel/threads-max (system-wide limit on the number of threads): 123751
/proc/sys/vm/max_map_count (maximum number of memory map areas a process may have): 65530
/proc/sys/kernel/pid_max (system-wide limit on number of process identifiers): 4194304

container (cgroup) information:
container_type: cgroupv1
cpu_cpuset_cpus: 0-7
cpu_memory_nodes: 0
active_processor_count: 8
cpu_quota: no quota
cpu_period: 100000
cpu_shares: no shares
memory_limit_in_bytes: unlimited
memory_and_swap_limit_in_bytes: unlimited
memory_soft_limit_in_bytes: unlimited
memory_usage_in_bytes: 1891729408
memory_max_usage_in_bytes: 2788589568
maximum number of tasks: unlimited
current number of tasks: 85

Steal ticks since vm start: 0
Steal ticks percentage since vm start:  0,000

CPU: total 8 (initial active 8) (4 cores per cpu, 2 threads per core) family 6 model 126 stepping 5 microcode 0xa6, cx8, cmov, fxsr, ht, mmx, 3dnowpref, sse, sse2, sse3, ssse3, sse4.1, sse4.2, popcnt, lzcnt, tsc, tscinvbit, avx, avx2, aes, erms, clmul, bmi1, bmi2, adx, avx512f, avx512dq, avx512cd, avx512bw, avx512vl, sha, fma, vzeroupper, avx512_vpopcntdq, avx512_vpclmulqdq, avx512_vaes, avx512_vnni, clflush, clflushopt, avx512_vbmi2, avx512_vbmi
CPU Model and flags from /proc/cpuinfo:
model name	: Intel(R) Core(TM) i7-1065G7 CPU @ 1.30GHz
flags		: fpu vme de pse tsc msr pae mce cx8 apic sep mtrr pge mca cmov pat pse36 clflush dts acpi mmx fxsr sse sse2 ss ht tm pbe syscall nx pdpe1gb rdtscp lm constant_tsc art arch_perfmon pebs bts rep_good nopl xtopology nonstop_tsc cpuid aperfmperf tsc_known_freq pni pclmulqdq dtes64 monitor ds_cpl vmx est tm2 ssse3 sdbg fma cx16 xtpr pdcm pcid sse4_1 sse4_2 x2apic movbe popcnt tsc_deadline_timer aes xsave avx f16c rdrand lahf_lm abm 3dnowprefetch cpuid_fault epb invpcid_single ssbd ibrs ibpb stibp ibrs_enhanced tpr_shadow vnmi flexpriority ept vpid ept_ad fsgsbase tsc_adjust bmi1 avx2 smep bmi2 erms invpcid avx512f avx512dq rdseed adx smap avx512ifma clflushopt intel_pt avx512cd sha_ni avx512bw avx512vl xsaveopt xsavec xgetbv1 xsaves split_lock_detect dtherm ida arat pln pts hwp hwp_act_window hwp_epp hwp_pkg_req avx512vbmi umip pku ospke avx512_vbmi2 gfni vaes vpclmulqdq avx512_vnni avx512_bitalg avx512_vpopcntdq rdpid fsrm md_clear flush_l1d arch_capabilities

Online cpus: 0-7
Offline cpus: 
BIOS frequency limitation: <Not Available>
Frequency switch latency (ns): 0
Available cpu frequencies: <Not Available>
Current governor: powersave
Core performance/turbo boost: <Not Available>

Memory: 4k page, physical 15958064k(9492656k free), swap 2097148k(2097148k free)
Page Sizes: 4k

vm_info: OpenJDK 64-Bit Server VM (17.0.3+7-Ubuntu-0ubuntu0.20.04.1) for linux-amd64 JRE (17.0.3+7-Ubuntu-0ubuntu0.20.04.1), built on Apr 24 2022 14:57:26 by "buildd" with gcc 9.4.0

END.
